#
# A fatal error has been detected by the Java Runtime Environment:
#
#  EXCEPTION_ACCESS_VIOLATION (0xc0000005) at pc=0x00000000763e8d16, pid=3968, tid=0x0000000000000e8c
#
# JRE version: OpenJDK Runtime Environment (8.0_242-b01) (build 1.8.0_242-release-1644-b01)
# Java VM: OpenJDK 64-Bit Server VM (25.242-b01 mixed mode windows-amd64 compressed oops)
# Problematic frame:
# V  [jvm.dll+0x4c8d16]
#
# Failed to write core dump. Minidumps are not enabled by default on client versions of Windows
#
# If you would like to submit a bug report, please visit:
#   
#

---------------  T H R E A D  ---------------

Current thread (0x0000000014e6e800):  JavaThread "C2 CompilerThread3" daemon [_thread_in_native, id=3724, stack(0x0000000019830000,0x0000000019930000)]

siginfo: ExceptionCode=0xc0000005, writing address 0x0000000426fe4ab0

Registers:
RAX=0x00000000763da7b0, RBX=0x0000000023be9c28, RCX=0x0000000076181460, RDX=0x0000000076181460
RSP=0x000000001992c780, RBP=0x000000001c8953f0, RSI=0x0000000000000020, RDI=0x000000007654c958
R8 =0x0000000000000000, R9 =0x000000001ea98528, R10=0x0000000023be9c98, R11=0x00000000000001ce
R12=0x0000000023be9c28, R13=0x0000000027d75210, R14=0x0000000000000804, R15=0x0000000027d75420
RIP=0x00000000763e8d16, EFLAGS=0x0000000000010206

Top of Stack: (sp=0x000000001992c780)
0x000000001992c780:   0000000023be9c28 0000000000000003
0x000000001992c790:   000000000000006d 000000001992d4d8
0x000000001992c7a0:   000000001992d4d8 00000000763d8088
0x000000001992c7b0:   0000000000000004 0000000027d75210
0x000000001992c7c0:   000000001c8953f0 000000001ea984c0
0x000000001992c7d0:   000000001ea98528 00000000763d5706
0x000000001992c7e0:   000000001992cb50 0000000000000001
0x000000001992c7f0:   000000001c8953f0 0000000000000000
0x000000001992c800:   000000001c8953f0 fffffffffffffff8
0x000000001992c810:   000000001992c868 00000000763d9446
0x000000001992c820:   000000001ea98528 000000000000a7b0
0x000000001992c830:   0000000027d7d1f8 0000000000000000
0x000000001992c840:   00000000244c5e90 00000000245249e0
0x000000001992c850:   00000000244a6c20 0000000014e50330
0x000000001992c860:   0000000000000001 000000001992ef98
0x000000001992c870:   000000000000000c 0000000000001f77 

Instructions: (pc=0x00000000763e8d16)
0x00000000763e8cf6:   74 25 48 83 7f 10 00 74 1e 8b 57 20 3b 57 24 75
0x00000000763e8d06:   08 48 8b cf e8 f1 f2 ff ff 8b 4f 20 48 8b 47 10
0x00000000763e8d16:   48 89 1c c8 ff 47 20 48 8b 5c 24 30 48 83 c4 20
0x00000000763e8d26:   5f c3 cc cc cc cc cc cc cc cc 48 89 5c 24 08 48 


Register to memory mapping:

RAX=0x00000000763da7b0 is an unknown value
RBX=0x0000000023be9c28 is an unknown value
RCX=0x0000000076181460 is an unknown value
RDX=0x0000000076181460 is an unknown value
RSP=0x000000001992c780 is pointing into the stack for thread: 0x0000000014e6e800
RBP=0x000000001c8953f0 is an unknown value
RSI=0x0000000000000020 is an unknown value
RDI=0x000000007654c958 is an unknown value
R8 =0x0000000000000000 is an unknown value
R9 =0x000000001ea98528 is an unknown value
R10=0x0000000023be9c98 is an unknown value
R11=0x00000000000001ce is an unknown value
R12=0x0000000023be9c28 is an unknown value
R13=0x0000000027d75210 is an unknown value
R14=0x0000000000000804 is an unknown value
R15=0x0000000027d75420 is an unknown value


Stack: [0x0000000019830000,0x0000000019930000],  sp=0x000000001992c780,  free space=1009k
Native frames: (J=compiled Java code, j=interpreted, Vv=VM code, C=native code)
V  [jvm.dll+0x4c8d16]
V  [jvm.dll+0x4b8088]
V  [jvm.dll+0x4b9446]
V  [jvm.dll+0x4b9e7d]
V  [jvm.dll+0x4454c1]
V  [jvm.dll+0x447fa8]
V  [jvm.dll+0x42b072]
V  [jvm.dll+0x8230f]
V  [jvm.dll+0x82c7f]
V  [jvm.dll+0x220b7f]
V  [jvm.dll+0x27276a]
C  [msvcr100.dll+0x21d9f]
C  [msvcr100.dll+0x21e3b]
C  [KERNEL32.DLL+0x17034]
C  [ntdll.dll+0x4d241]


Current CompileTask:
C2:  11668 11473       4       org.gradle.cache.internal.btree.FreeListBlockStore::read (12 bytes)


---------------  P R O C E S S  ---------------

Java Threads: ( => current thread )
  0x0000000027685000 JavaThread "Cache worker for execution history cache (D:\projects\ArticlesAgregator\android\.gradle\6.2\executionHistory)" [_thread_blocked, id=24296, stack(0x000000002a660000,0x000000002a760000)]
  0x0000000027683800 JavaThread "Execution worker for ':' Thread 23" [_thread_blocked, id=28156, stack(0x000000002bd90000,0x000000002be90000)]
  0x0000000027682800 JavaThread "Execution worker for ':' Thread 22" [_thread_blocked, id=25520, stack(0x000000002bc90000,0x000000002bd90000)]
  0x0000000027682000 JavaThread "Execution worker for ':' Thread 21" [_thread_in_vm, id=29356, stack(0x000000002bb90000,0x000000002bc90000)]
  0x0000000027684000 JavaThread "Execution worker for ':' Thread 20" [_thread_blocked, id=29500, stack(0x000000002ba90000,0x000000002bb90000)]
  0x0000000027685800 JavaThread "Execution worker for ':' Thread 19" [_thread_blocked, id=5856, stack(0x000000002b990000,0x000000002ba90000)]
  0x0000000027681000 JavaThread "Execution worker for ':' Thread 18" [_thread_blocked, id=4732, stack(0x000000002b890000,0x000000002b990000)]
  0x0000000027686800 JavaThread "Execution worker for ':' Thread 17" [_thread_blocked, id=8668, stack(0x000000002b790000,0x000000002b890000)]
  0x0000000027680800 JavaThread "Execution worker for ':' Thread 16" [_thread_blocked, id=10628, stack(0x000000002b690000,0x000000002b790000)]
  0x0000000027679800 JavaThread "Execution worker for ':' Thread 15" [_thread_blocked, id=24912, stack(0x000000002b590000,0x000000002b690000)]
  0x000000002767f800 JavaThread "Execution worker for ':' Thread 14" [_thread_blocked, id=4516, stack(0x000000002b490000,0x000000002b590000)]
  0x0000000027678000 JavaThread "Execution worker for ':' Thread 13" [_thread_blocked, id=26644, stack(0x000000002b390000,0x000000002b490000)]
  0x000000002767f000 JavaThread "Execution worker for ':' Thread 12" [_thread_blocked, id=9712, stack(0x000000002b290000,0x000000002b390000)]
  0x0000000027677000 JavaThread "Execution worker for ':' Thread 11" [_thread_blocked, id=18036, stack(0x000000002b190000,0x000000002b290000)]
  0x000000002767b000 JavaThread "Execution worker for ':' Thread 10" [_thread_blocked, id=12540, stack(0x000000002b090000,0x000000002b190000)]
  0x000000002767c000 JavaThread "Execution worker for ':' Thread 9" [_thread_blocked, id=20540, stack(0x000000002af90000,0x000000002b090000)]
  0x000000002767e000 JavaThread "Execution worker for ':' Thread 8" [_thread_blocked, id=25624, stack(0x000000002ae90000,0x000000002af90000)]
  0x0000000027678800 JavaThread "Execution worker for ':' Thread 7" [_thread_blocked, id=25104, stack(0x000000002ad90000,0x000000002ae90000)]
  0x000000002767a000 JavaThread "Execution worker for ':' Thread 6" [_thread_blocked, id=15216, stack(0x000000002ac90000,0x000000002ad90000)]
  0x000000002767d800 JavaThread "Execution worker for ':' Thread 5" [_thread_blocked, id=28004, stack(0x000000002ab90000,0x000000002ac90000)]
  0x000000002767c800 JavaThread "Execution worker for ':' Thread 4" [_thread_blocked, id=28928, stack(0x000000002aa90000,0x000000002ab90000)]
  0x000000001bf85000 JavaThread "Execution worker for ':' Thread 3" [_thread_blocked, id=28272, stack(0x000000002a990000,0x000000002aa90000)]
  0x000000001c4f8800 JavaThread "Execution worker for ':' Thread 2" [_thread_blocked, id=23292, stack(0x000000002a890000,0x000000002a990000)]
  0x000000001c4f7800 JavaThread "Execution worker for ':'" [_thread_blocked, id=25584, stack(0x000000002a790000,0x000000002a890000)]
  0x000000001c4f6000 JavaThread "Cache worker for file content cache (D:\projects\ArticlesAgregator\android\.gradle\6.2\fileContent)" [_thread_blocked, id=9136, stack(0x000000002a110000,0x000000002a210000)]
  0x000000001c4ee000 JavaThread "Cache worker for file content cache (C:\Users\Piotr\.gradle\caches\6.2\fileContent)" [_thread_blocked, id=13184, stack(0x0000000029dd0000,0x0000000029ed0000)]
  0x000000001c4f3000 JavaThread "Memory manager" [_thread_blocked, id=21200, stack(0x0000000028700000,0x0000000028800000)]
  0x000000001c4f0000 JavaThread "Cache worker for Build Output Cleanup Cache (D:\projects\ArticlesAgregator\android\.gradle\buildOutputCleanup)" [_thread_blocked, id=25248, stack(0x00000000269a0000,0x0000000026aa0000)]
  0x000000001c4eb800 JavaThread "pool-1-thread-1" [_thread_blocked, id=10520, stack(0x00000000266a0000,0x00000000267a0000)]
  0x000000001c4ee800 JavaThread "Build operations Thread 24" [_thread_blocked, id=23500, stack(0x00000000261a0000,0x00000000262a0000)]
  0x000000001c4ec800 JavaThread "Build operations Thread 23" [_thread_blocked, id=24896, stack(0x00000000260a0000,0x00000000261a0000)]
  0x000000001f811800 JavaThread "Build operations Thread 22" [_thread_blocked, id=22312, stack(0x0000000025fa0000,0x00000000260a0000)]
  0x000000001f810800 JavaThread "Build operations Thread 21" [_thread_blocked, id=8844, stack(0x0000000025ea0000,0x0000000025fa0000)]
  0x000000001f810000 JavaThread "Build operations Thread 20" [_thread_blocked, id=560, stack(0x0000000025da0000,0x0000000025ea0000)]
  0x000000001f80e800 JavaThread "Build operations Thread 19" [_thread_blocked, id=580, stack(0x0000000025ca0000,0x0000000025da0000)]
  0x000000001f80b800 JavaThread "Build operations Thread 18" [_thread_blocked, id=964, stack(0x0000000025ba0000,0x0000000025ca0000)]
  0x000000001f80a800 JavaThread "Build operations Thread 17" [_thread_blocked, id=24076, stack(0x0000000025aa0000,0x0000000025ba0000)]
  0x000000001f80d000 JavaThread "Build operations Thread 16" [_thread_blocked, id=22356, stack(0x00000000259a0000,0x0000000025aa0000)]
  0x000000001f80d800 JavaThread "Build operations Thread 15" [_thread_blocked, id=24844, stack(0x00000000258a0000,0x00000000259a0000)]
  0x000000001f80c000 JavaThread "Build operations Thread 14" [_thread_blocked, id=6104, stack(0x00000000257a0000,0x00000000258a0000)]
  0x000000001f80f000 JavaThread "Build operations Thread 13" [_thread_blocked, id=27852, stack(0x00000000256a0000,0x00000000257a0000)]
  0x000000001bf8c800 JavaThread "Build operations Thread 12" [_thread_blocked, id=24500, stack(0x00000000255a0000,0x00000000256a0000)]
  0x000000001bf8f800 JavaThread "Build operations Thread 11" [_thread_blocked, id=22952, stack(0x00000000254a0000,0x00000000255a0000)]
  0x000000001bf8d000 JavaThread "Build operations Thread 10" [_thread_blocked, id=20536, stack(0x00000000253a0000,0x00000000254a0000)]
  0x000000001bf8e800 JavaThread "Build operations Thread 9" [_thread_blocked, id=9128, stack(0x00000000252a0000,0x00000000253a0000)]
  0x000000001bf8b800 JavaThread "Build operations Thread 8" [_thread_blocked, id=8100, stack(0x00000000251a0000,0x00000000252a0000)]
  0x000000001bf8b000 JavaThread "Build operations Thread 7" [_thread_blocked, id=2104, stack(0x00000000250a0000,0x00000000251a0000)]
  0x000000001bf8a000 JavaThread "Build operations Thread 6" [_thread_blocked, id=22824, stack(0x0000000024fa0000,0x00000000250a0000)]
  0x000000001bf8e000 JavaThread "Build operations Thread 5" [_thread_blocked, id=24012, stack(0x0000000024ea0000,0x0000000024fa0000)]
  0x000000001bf82800 JavaThread "Build operations Thread 4" [_thread_blocked, id=20304, stack(0x0000000024da0000,0x0000000024ea0000)]
  0x000000001bf89800 JavaThread "Build operations Thread 3" [_thread_blocked, id=26552, stack(0x0000000024ca0000,0x0000000024da0000)]
  0x000000001bf82000 JavaThread "Build operations Thread 2" [_thread_blocked, id=29172, stack(0x0000000024ba0000,0x0000000024ca0000)]
  0x000000001bf88800 JavaThread "Build operations" [_thread_blocked, id=22136, stack(0x0000000024aa0000,0x0000000024ba0000)]
  0x000000001bf84000 JavaThread "Cache worker for execution history cache (C:\Users\Piotr\.gradle\caches\6.2\executionHistory)" [_thread_blocked, id=21676, stack(0x0000000021d80000,0x0000000021e80000)]
  0x000000001bf83800 JavaThread "Cache worker for cache directory md-rule (C:\Users\Piotr\.gradle\caches\6.2\md-rule)" [_thread_blocked, id=25712, stack(0x0000000021c80000,0x0000000021d80000)]
  0x000000001bf85800 JavaThread "Cache worker for cache directory md-supplier (C:\Users\Piotr\.gradle\caches\6.2\md-supplier)" [_thread_blocked, id=10484, stack(0x0000000021630000,0x0000000021730000)]
  0x0000000016e14800 JavaThread "Cache worker for file hash cache (D:\projects\ArticlesAgregator\android\.gradle\6.2\fileHashes)" [_thread_blocked, id=23140, stack(0x0000000021780000,0x0000000021880000)]
  0x0000000016e19000 JavaThread "Cache worker for checksums cache (D:\projects\ArticlesAgregator\android\.gradle\checksums)" [_thread_blocked, id=28576, stack(0x0000000020510000,0x0000000020610000)]
  0x0000000016e13000 JavaThread "Cache worker for file hash cache (C:\Users\Piotr\.gradle\caches\6.2\fileHashes)" [_thread_blocked, id=25864, stack(0x000000001e270000,0x000000001e370000)]
  0x0000000016e18000 JavaThread "File lock request listener" [_thread_in_native, id=1520, stack(0x000000001e170000,0x000000001e270000)]
  0x000000001c5fc800 JavaThread "Cache worker for journal cache (C:\Users\Piotr\.gradle\caches\journal-1)" [_thread_blocked, id=20248, stack(0x000000001e070000,0x000000001e170000)]
  0x000000001c517800 JavaThread "Thread-9" [_thread_blocked, id=29648, stack(0x000000001dd70000,0x000000001de70000)]
  0x000000001c584000 JavaThread "Stdin handler" [_thread_blocked, id=9720, stack(0x000000001dc70000,0x000000001dd70000)]
  0x000000001c583000 JavaThread "Asynchronous log dispatcher for DefaultDaemonConnection: socket connection from /127.0.0.1:59196 to /127.0.0.1:59197" [_thread_blocked, id=26540, stack(0x000000001db70000,0x000000001dc70000)]
  0x000000001c491000 JavaThread "Daemon worker" [_thread_blocked, id=8124, stack(0x000000001da70000,0x000000001db70000)]
  0x000000001c526800 JavaThread "Cancel handler" [_thread_blocked, id=8420, stack(0x000000001d970000,0x000000001da70000)]
  0x000000001c468800 JavaThread "Handler for socket connection from /127.0.0.1:59196 to /127.0.0.1:59197" [_thread_in_native, id=9188, stack(0x000000001d670000,0x000000001d770000)]
  0x000000001c3f5800 JavaThread "Daemon" [_thread_blocked, id=9288, stack(0x000000001d570000,0x000000001d670000)]
  0x000000001c3fe000 JavaThread "Daemon periodic checks" [_thread_blocked, id=19284, stack(0x000000001d470000,0x000000001d570000)]
  0x000000001c3c9000 JavaThread "Incoming local TCP Connector on port 59196" [_thread_in_native, id=29244, stack(0x000000001d210000,0x000000001d310000)]
  0x000000001c353000 JavaThread "Daemon health stats" [_thread_blocked, id=1764, stack(0x000000001cdd0000,0x000000001ced0000)]
  0x0000000016ec7800 JavaThread "Service Thread" daemon [_thread_blocked, id=25572, stack(0x000000001a230000,0x000000001a330000)]
  0x0000000016e16000 JavaThread "C1 CompilerThread11" daemon [_thread_blocked, id=23496, stack(0x000000001a130000,0x000000001a230000)]
  0x0000000016e15000 JavaThread "C1 CompilerThread10" daemon [_thread_blocked, id=20296, stack(0x000000001a030000,0x000000001a130000)]
  0x0000000016e13800 JavaThread "C1 CompilerThread9" daemon [_thread_blocked, id=23932, stack(0x0000000019f30000,0x000000001a030000)]
  0x0000000016e16800 JavaThread "C1 CompilerThread8" daemon [_thread_blocked, id=27212, stack(0x0000000019e30000,0x0000000019f30000)]
  0x0000000016e17800 JavaThread "C2 CompilerThread7" daemon [_thread_blocked, id=24652, stack(0x0000000019d30000,0x0000000019e30000)]
  0x0000000016e19800 JavaThread "C2 CompilerThread6" daemon [_thread_blocked, id=29620, stack(0x0000000019c30000,0x0000000019d30000)]
  0x0000000016df0000 JavaThread "C2 CompilerThread5" daemon [_thread_in_native, id=25596, stack(0x0000000019b30000,0x0000000019c30000)]
  0x0000000016de7800 JavaThread "C2 CompilerThread4" daemon [_thread_blocked, id=2948, stack(0x0000000019930000,0x0000000019a30000)]
=>0x0000000014e6e800 JavaThread "C2 CompilerThread3" daemon [_thread_in_native, id=3724, stack(0x0000000019830000,0x0000000019930000)]
  0x0000000016ddc800 JavaThread "C2 CompilerThread2" daemon [_thread_blocked, id=20528, stack(0x0000000019730000,0x0000000019830000)]
  0x0000000014e6b000 JavaThread "C2 CompilerThread1" daemon [_thread_in_native, id=25356, stack(0x0000000019630000,0x0000000019730000)]
  0x0000000014e69800 JavaThread "C2 CompilerThread0" daemon [_thread_in_native, id=27360, stack(0x0000000019530000,0x0000000019630000)]
  0x0000000014e68800 JavaThread "Attach Listener" daemon [_thread_blocked, id=24860, stack(0x0000000019430000,0x0000000019530000)]
  0x0000000014e68000 JavaThread "Signal Dispatcher" daemon [_thread_blocked, id=18428, stack(0x0000000019330000,0x0000000019430000)]
  0x0000000016dc9800 JavaThread "Finalizer" daemon [_thread_blocked, id=14520, stack(0x0000000019120000,0x0000000019220000)]
  0x0000000016dc3800 JavaThread "Reference Handler" daemon [_thread_blocked, id=22152, stack(0x0000000019020000,0x0000000019120000)]
  0x0000000002a9e000 JavaThread "main" [_thread_blocked, id=12616, stack(0x0000000002aa0000,0x0000000002ba0000)]

Other Threads:
  0x0000000014e4f000 VMThread [stack: 0x0000000018f20000,0x0000000019020000] [id=28372]
  0x0000000016eb3800 WatcherThread [stack: 0x000000001a330000,0x000000001a430000] [id=26912]

VM state:not at safepoint (normal execution)

VM Mutex/Monitor currently owned by a thread: None

heap address: 0x00000000e0000000, size: 512 MB, Compressed Oops mode: 32-bit
Narrow klass base: 0x0000000000000000, Narrow klass shift: 3
Compressed class space size: 1073741824 Address: 0x0000000100000000

Heap:
 PSYoungGen      total 138240K, used 113928K [0x00000000f5580000, 0x0000000100000000, 0x0000000100000000)
  eden space 118272K, 79% used [0x00000000f5580000,0x00000000fb182ee8,0x00000000fc900000)
  from space 19968K, 98% used [0x00000000fc900000,0x00000000fdc3f168,0x00000000fdc80000)
  to   space 29184K, 0% used [0x00000000fe380000,0x00000000fe380000,0x0000000100000000)
 ParOldGen       total 211456K, used 68564K [0x00000000e0000000, 0x00000000ece80000, 0x00000000f5580000)
  object space 211456K, 32% used [0x00000000e0000000,0x00000000e42f5270,0x00000000ece80000)
 Metaspace       used 71756K, capacity 78482K, committed 78632K, reserved 1116160K
  class space    used 9970K, capacity 11471K, committed 11568K, reserved 1048576K

Card table byte_map: [0x0000000012060000,0x0000000012170000] byte_map_base: 0x0000000011960000

Marking Bits: (ParMarkBitMap*) 0x00000000766ef030
 Begin Bits: [0x0000000013370000, 0x0000000013b70000)
 End Bits:   [0x0000000013b70000, 0x0000000014370000)

Polling page: 0x0000000000a00000

CodeCache: size=245760Kb used=34953Kb max_used=34965Kb free=210806Kb
 bounds [0x0000000002ca0000, 0x0000000004ef0000, 0x0000000011ca0000]
 total_blobs=11102 nmethods=10288 adapters=724
 compilation: enabled

Compilation events (10 events):
Event: 11.653 Thread 0x0000000016ddc800 11585       4       java.util.concurrent.locks.ReentrantLock$FairSync::tryAcquire (74 bytes)
Event: 11.653 Thread 0x0000000016e17800 11586       4       org.gradle.cache.internal.btree.BTreePersistentIndexedCache::load (40 bytes)
Event: 11.654 Thread 0x0000000014e69800 11587       4       org.gradle.cache.internal.btree.BTreePersistentIndexedCache$IndexBlock::find (140 bytes)
Event: 11.654 Thread 0x0000000016ddc800 nmethod 11585 0x0000000004ed3210 code [0x0000000004ed3340, 0x0000000004ed3458]
Event: 11.655 Thread 0x0000000016e13800 11588       3       org.codehaus.groovy.runtime.metaclass.ClosureMetaClass$StandardClosureChooser::chooseMethod (23 bytes)
Event: 11.655 Thread 0x0000000016e16000 11589       3       groovy.lang.Closure::call (13 bytes)
Event: 11.655 Thread 0x0000000016e15000 11590       3       java.util.regex.Pattern::closure (477 bytes)
Event: 11.655 Thread 0x0000000016e16000 nmethod 11589 0x0000000004ed2bd0 code [0x0000000004ed2d40, 0x0000000004ed3108]
Event: 11.655 Thread 0x0000000016e13800 nmethod 11588 0x0000000004ec8d10 code [0x0000000004ec8e80, 0x0000000004ec9070]
Event: 11.657 Thread 0x0000000016e16800 11591       3       org.gradle.internal.snapshot.impl.DirectorySnapshotter$PathVisitor::postVisitDirectory (41 bytes)

GC Heap History (10 events):
Event: 9.205 GC heap before
{Heap before GC invocations=12 (full 2):
 PSYoungGen      total 161792K, used 109268K [0x00000000f5580000, 0x0000000100000000, 0x0000000100000000)
  eden space 148992K, 64% used [0x00000000f5580000,0x00000000fb3b6108,0x00000000fe700000)
  from space 12800K, 99% used [0x00000000fe700000,0x00000000ff37efd8,0x00000000ff380000)
  to   space 12800K, 0% used [0x00000000ff380000,0x00000000ff380000,0x0000000100000000)
 ParOldGen       total 175104K, used 24973K [0x00000000e0000000, 0x00000000eab00000, 0x00000000f5580000)
  object space 175104K, 14% used [0x00000000e0000000,0x00000000e18637d8,0x00000000eab00000)
 Metaspace       used 56282K, capacity 59052K, committed 59160K, reserved 1099776K
  class space    used 7700K, capacity 8353K, committed 8368K, reserved 1048576K
Event: 9.212 GC heap after
Heap after GC invocations=12 (full 2):
 PSYoungGen      total 145408K, used 12795K [0x00000000f5580000, 0x0000000100000000, 0x0000000100000000)
  eden space 132608K, 0% used [0x00000000f5580000,0x00000000f5580000,0x00000000fd700000)
  from space 12800K, 99% used [0x00000000ff380000,0x00000000ffffed18,0x0000000100000000)
  to   space 20992K, 0% used [0x00000000fd700000,0x00000000fd700000,0x00000000feb80000)
 ParOldGen       total 175104K, used 34170K [0x00000000e0000000, 0x00000000eab00000, 0x00000000f5580000)
  object space 175104K, 19% used [0x00000000e0000000,0x00000000e215e970,0x00000000eab00000)
 Metaspace       used 56282K, capacity 59052K, committed 59160K, reserved 1099776K
  class space    used 7700K, capacity 8353K, committed 8368K, reserved 1048576K
}
Event: 9.212 GC heap before
{Heap before GC invocations=13 (full 3):
 PSYoungGen      total 145408K, used 12795K [0x00000000f5580000, 0x0000000100000000, 0x0000000100000000)
  eden space 132608K, 0% used [0x00000000f5580000,0x00000000f5580000,0x00000000fd700000)
  from space 12800K, 99% used [0x00000000ff380000,0x00000000ffffed18,0x0000000100000000)
  to   space 20992K, 0% used [0x00000000fd700000,0x00000000fd700000,0x00000000feb80000)
 ParOldGen       total 175104K, used 34170K [0x00000000e0000000, 0x00000000eab00000, 0x00000000f5580000)
  object space 175104K, 19% used [0x00000000e0000000,0x00000000e215e970,0x00000000eab00000)
 Metaspace       used 56282K, capacity 59052K, committed 59160K, reserved 1099776K
  class space    used 7700K, capacity 8353K, committed 8368K, reserved 1048576K
Event: 9.358 GC heap after
Heap after GC invocations=13 (full 3):
 PSYoungGen      total 145408K, used 0K [0x00000000f5580000, 0x0000000100000000, 0x0000000100000000)
  eden space 132608K, 0% used [0x00000000f5580000,0x00000000f5580000,0x00000000fd700000)
  from space 12800K, 0% used [0x00000000ff380000,0x00000000ff380000,0x0000000100000000)
  to   space 20992K, 0% used [0x00000000fd700000,0x00000000fd700000,0x00000000feb80000)
 ParOldGen       total 211456K, used 38416K [0x00000000e0000000, 0x00000000ece80000, 0x00000000f5580000)
  object space 211456K, 18% used [0x00000000e0000000,0x00000000e2584190,0x00000000ece80000)
 Metaspace       used 56217K, capacity 58842K, committed 59160K, reserved 1099776K
  class space    used 7680K, capacity 8318K, committed 8368K, reserved 1048576K
}
Event: 10.265 GC heap before
{Heap before GC invocations=14 (full 3):
 PSYoungGen      total 145408K, used 132608K [0x00000000f5580000, 0x0000000100000000, 0x0000000100000000)
  eden space 132608K, 100% used [0x00000000f5580000,0x00000000fd700000,0x00000000fd700000)
  from space 12800K, 0% used [0x00000000ff380000,0x00000000ff380000,0x0000000100000000)
  to   space 20992K, 0% used [0x00000000fd700000,0x00000000fd700000,0x00000000feb80000)
 ParOldGen       total 211456K, used 38416K [0x00000000e0000000, 0x00000000ece80000, 0x00000000f5580000)
  object space 211456K, 18% used [0x00000000e0000000,0x00000000e2584190,0x00000000ece80000)
 Metaspace       used 62934K, capacity 66682K, committed 66856K, reserved 1105920K
  class space    used 8659K, capacity 9658K, committed 9776K, reserved 1048576K
Event: 10.272 GC heap after
Heap after GC invocations=14 (full 3):
 PSYoungGen      total 151552K, used 18804K [0x00000000f5580000, 0x0000000100000000, 0x0000000100000000)
  eden space 132608K, 0% used [0x00000000f5580000,0x00000000f5580000,0x00000000fd700000)
  from space 18944K, 99% used [0x00000000fd700000,0x00000000fe95d208,0x00000000fe980000)
  to   space 22528K, 0% used [0x00000000fea00000,0x00000000fea00000,0x0000000100000000)
 ParOldGen       total 211456K, used 38424K [0x00000000e0000000, 0x00000000ece80000, 0x00000000f5580000)
  object space 211456K, 18% used [0x00000000e0000000,0x00000000e2586190,0x00000000ece80000)
 Metaspace       used 62934K, capacity 66682K, committed 66856K, reserved 1105920K
  class space    used 8659K, capacity 9658K, committed 9776K, reserved 1048576K
}
Event: 10.862 GC heap before
{Heap before GC invocations=15 (full 3):
 PSYoungGen      total 151552K, used 151412K [0x00000000f5580000, 0x0000000100000000, 0x0000000100000000)
  eden space 132608K, 100% used [0x00000000f5580000,0x00000000fd700000,0x00000000fd700000)
  from space 18944K, 99% used [0x00000000fd700000,0x00000000fe95d208,0x00000000fe980000)
  to   space 22528K, 0% used [0x00000000fea00000,0x00000000fea00000,0x0000000100000000)
 ParOldGen       total 211456K, used 38424K [0x00000000e0000000, 0x00000000ece80000, 0x00000000f5580000)
  object space 211456K, 18% used [0x00000000e0000000,0x00000000e2586190,0x00000000ece80000)
 Metaspace       used 67311K, capacity 71704K, committed 71848K, reserved 1110016K
  class space    used 9245K, capacity 10416K, committed 10416K, reserved 1048576K
Event: 10.871 GC heap after
Heap after GC invocations=15 (full 3):
 PSYoungGen      total 140800K, used 22496K [0x00000000f5580000, 0x0000000100000000, 0x0000000100000000)
  eden space 118272K, 0% used [0x00000000f5580000,0x00000000f5580000,0x00000000fc900000)
  from space 22528K, 99% used [0x00000000fea00000,0x00000000ffff8070,0x0000000100000000)
  to   space 28160K, 0% used [0x00000000fc900000,0x00000000fc900000,0x00000000fe480000)
 ParOldGen       total 211456K, used 46216K [0x00000000e0000000, 0x00000000ece80000, 0x00000000f5580000)
  object space 211456K, 21% used [0x00000000e0000000,0x00000000e2d223e8,0x00000000ece80000)
 Metaspace       used 67311K, capacity 71704K, committed 71848K, reserved 1110016K
  class space    used 9245K, capacity 10416K, committed 10416K, reserved 1048576K
}
Event: 11.389 GC heap before
{Heap before GC invocations=16 (full 3):
 PSYoungGen      total 140800K, used 140768K [0x00000000f5580000, 0x0000000100000000, 0x0000000100000000)
  eden space 118272K, 100% used [0x00000000f5580000,0x00000000fc900000,0x00000000fc900000)
  from space 22528K, 99% used [0x00000000fea00000,0x00000000ffff8070,0x0000000100000000)
  to   space 28160K, 0% used [0x00000000fc900000,0x00000000fc900000,0x00000000fe480000)
 ParOldGen       total 211456K, used 46216K [0x00000000e0000000, 0x00000000ece80000, 0x00000000f5580000)
  object space 211456K, 21% used [0x00000000e0000000,0x00000000e2d223e8,0x00000000ece80000)
 Metaspace       used 68933K, capacity 73516K, committed 73640K, reserved 1112064K
  class space    used 9366K, capacity 10588K, committed 10672K, reserved 1048576K
Event: 11.400 GC heap after
Heap after GC invocations=16 (full 3):
 PSYoungGen      total 138240K, used 19708K [0x00000000f5580000, 0x0000000100000000, 0x0000000100000000)
  eden space 118272K, 0% used [0x00000000f5580000,0x00000000f5580000,0x00000000fc900000)
  from space 19968K, 98% used [0x00000000fc900000,0x00000000fdc3f168,0x00000000fdc80000)
  to   space 29184K, 0% used [0x00000000fe380000,0x00000000fe380000,0x0000000100000000)
 ParOldGen       total 211456K, used 68564K [0x00000000e0000000, 0x00000000ece80000, 0x00000000f5580000)
  object space 211456K, 32% used [0x00000000e0000000,0x00000000e42f5270,0x00000000ece80000)
 Metaspace       used 68933K, capacity 73516K, committed 73640K, reserved 1112064K
  class space    used 9366K, capacity 10588K, committed 10672K, reserved 1048576K
}

Deoptimization events (10 events):
Event: 11.601 Thread 0x0000000027682000 Uncommon trap: reason=unstable_if action=reinterpret pc=0x00000000044320e4 method=java.lang.String$CaseInsensitiveComparator.compare(Ljava/lang/String;Ljava/lang/String;)I @ 70
Event: 11.605 Thread 0x0000000027679800 Uncommon trap: reason=unstable_if action=reinterpret pc=0x0000000003cbd794 method=java.lang.String$CaseInsensitiveComparator.compare(Ljava/lang/String;Ljava/lang/String;)I @ 70
Event: 11.605 Thread 0x0000000027685800 Uncommon trap: reason=unstable_if action=reinterpret pc=0x000000000313afbc method=java.lang.String$CaseInsensitiveComparator.compare(Ljava/lang/String;Ljava/lang/String;)I @ 70
Event: 11.605 Thread 0x0000000027680800 Uncommon trap: reason=unstable_if action=reinterpret pc=0x0000000004e6d2c8 method=java.util.concurrent.ConcurrentLinkedQueue.offer(Ljava/lang/Object;)Z @ 40
Event: 11.606 Thread 0x000000002767d800 Uncommon trap: reason=unstable_if action=reinterpret pc=0x0000000003448668 method=java.util.concurrent.ConcurrentHashMap.replaceNode(Ljava/lang/Object;Ljava/lang/Object;Ljava/lang/Object;)Ljava/lang/Object; @ 62
Event: 11.628 Thread 0x0000000027682000 Uncommon trap: reason=unstable_if action=reinterpret pc=0x00000000047340e0 method=org.gradle.api.internal.tasks.compile.tooling.JavaCompileTaskSuccessResultPostProcessor.started(Lorg/gradle/internal/operations/BuildOperationDescriptor;Lorg/gradle/internal
Event: 11.628 Thread 0x0000000027682000 Uncommon trap: reason=unstable_if action=reinterpret pc=0x000000000470fd94 method=org.gradle.tooling.internal.provider.runner.ClientForwardingTestOperationListener.started(Lorg/gradle/internal/operations/BuildOperationDescriptor;Lorg/gradle/internal/opera
Event: 11.630 Thread 0x0000000027682000 Uncommon trap: reason=unstable_if action=reinterpret pc=0x0000000004ae1408 method=java.util.stream.StreamOpFlag.fromCharacteristics(Ljava/util/Spliterator;)I @ 10
Event: 11.642 Thread 0x000000001bf84000 Uncommon trap: reason=unstable_if action=reinterpret pc=0x00000000036314ac method=com.esotericsoftware.kryo.io.Input.readVarInt(Z)I @ 42
Event: 11.642 Thread 0x000000001bf84000 Uncommon trap: reason=unstable_if action=reinterpret pc=0x0000000003216368 method=com.esotericsoftware.kryo.io.Input.readString()Ljava/lang/String; @ 38

Classes redefined (0 events):
No events

Internal exceptions (10 events):
Event: 10.834 Thread 0x000000001c491000 Implicit null exception at 0x0000000003810062 to 0x0000000003810581
Event: 10.844 Thread 0x000000001c491000 Implicit null exception at 0x00000000030d3f16 to 0x00000000030d4299
Event: 10.993 Thread 0x000000001c491000 Exception <a 'java/lang/NoSuchMethodError': java.lang.Object.lambda$static$0(Lorg/gradle/api/specs/Spec;Lorg/gradle/api/internal/artifacts/transform/VariantSelector;)Lorg/gradle/api/internal/artifacts/ivyservice/resolveengine/artifact/ResolvedArtifactSet;
Event: 11.578 Thread 0x0000000027682000 Implicit null exception at 0x0000000004c01743 to 0x0000000004c01a55
Event: 11.578 Thread 0x000000002767d800 Implicit null exception at 0x0000000004c01743 to 0x0000000004c01a55
Event: 11.636 Thread 0x000000001c517800 Exception <a 'java/lang/NoSuchMethodError': <clinit>> (0x00000000fa886fd0) thrown at [C:\src\AOSP-openjdk-git\hotspot\src\share\vm\prims\jni.cpp, line 1615]
Event: 11.636 Thread 0x000000001c517800 Exception <a 'java/lang/NoSuchMethodError': <clinit>> (0x00000000fa8891c8) thrown at [C:\src\AOSP-openjdk-git\hotspot\src\share\vm\prims\jni.cpp, line 1615]
Event: 11.637 Thread 0x000000001c517800 Exception <a 'java/lang/NoSuchMethodError': <clinit>> (0x00000000fa8e8b78) thrown at [C:\src\AOSP-openjdk-git\hotspot\src\share\vm\prims\jni.cpp, line 1615]
Event: 11.637 Thread 0x000000001c517800 Exception <a 'java/lang/NoSuchMethodError': <clinit>> (0x00000000fa9056a8) thrown at [C:\src\AOSP-openjdk-git\hotspot\src\share\vm\prims\jni.cpp, line 1615]
Event: 11.638 Thread 0x000000001c517800 Exception <a 'java/lang/NoSuchMethodError': <clinit>> (0x00000000fa93e6e8) thrown at [C:\src\AOSP-openjdk-git\hotspot\src\share\vm\prims\jni.cpp, line 1615]

Events (10 events):
Event: 11.655 loading class groovy/runtime/metaclass/ReactNativeModules$_generatePackagesFile_closure3$_closure9MetaClass done
Event: 11.655 loading class org/codehaus/groovy/runtime/dgm$437
Event: 11.655 loading class org/codehaus/groovy/runtime/dgm$437 done
Event: 11.655 loading class ReactNativeModules$_generatePackagesFile_closure5
Event: 11.655 loading class ReactNativeModules$_generatePackagesFile_closure5 done
Event: 11.656 loading class groovy/runtime/metaclass/ReactNativeModules$_generatePackagesFile_closure5MetaClass
Event: 11.656 loading class groovy/runtime/metaclass/ReactNativeModules$_generatePackagesFile_closure5MetaClass done
Event: 11.657 Executing VM operation: RevokeBias
Event: 11.657 Executing VM operation: RevokeBias done
Event: 11.657 Executing VM operation: RevokeBias


Dynamic libraries:
0x00007ff68df90000 - 0x00007ff68dfc1000 	C:\Program Files\Android\Android Studio\jre\bin\java.exe
0x00007fff72170000 - 0x00007fff72366000 	C:\Windows\SYSTEM32\ntdll.dll
0x00007fff5d650000 - 0x00007fff5d662000 	C:\Program Files\Avast Software\Avast\aswhook.dll
0x00007fff71900000 - 0x00007fff719bd000 	C:\Windows\System32\KERNEL32.DLL
0x00007fff6f960000 - 0x00007fff6fc29000 	C:\Windows\System32\KERNELBASE.dll
0x00007fff71c00000 - 0x00007fff71cac000 	C:\Windows\System32\ADVAPI32.dll
0x00007fff719c0000 - 0x00007fff71a5e000 	C:\Windows\System32\msvcrt.dll
0x00007fff70e40000 - 0x00007fff70edc000 	C:\Windows\System32\sechost.dll
0x00007fff71a60000 - 0x00007fff71b8b000 	C:\Windows\System32\RPCRT4.dll
0x00007fff71e90000 - 0x00007fff72030000 	C:\Windows\System32\USER32.dll
0x00007fff6f8b0000 - 0x00007fff6f8d2000 	C:\Windows\System32\win32u.dll
0x00007fff71bd0000 - 0x00007fff71bfa000 	C:\Windows\System32\GDI32.dll
0x00007fff70070000 - 0x00007fff7017b000 	C:\Windows\System32\gdi32full.dll
0x00007fff6fe70000 - 0x00007fff6ff0d000 	C:\Windows\System32\msvcp_win.dll
0x00007fff6fc30000 - 0x00007fff6fd30000 	C:\Windows\System32\ucrtbase.dll
0x00007fff50140000 - 0x00007fff503db000 	C:\Windows\WinSxS\amd64_microsoft.windows.common-controls_6595b64144ccf1df_6.0.19041.746_none_ca02b4b61b8320a4\COMCTL32.dll
0x00007fff71b90000 - 0x00007fff71bc0000 	C:\Windows\System32\IMM32.DLL
0x00000000501e0000 - 0x00000000502b2000 	C:\Program Files\Android\Android Studio\jre\jre\bin\msvcr100.dll
0x0000000075f20000 - 0x000000007676b000 	C:\Program Files\Android\Android Studio\jre\jre\bin\server\jvm.dll
0x00007fff71e80000 - 0x00007fff71e88000 	C:\Windows\System32\PSAPI.DLL
0x00007fff64e10000 - 0x00007fff64e37000 	C:\Windows\SYSTEM32\WINMM.dll
0x00007fff555d0000 - 0x00007fff555d9000 	C:\Windows\SYSTEM32\WSOCK32.dll
0x00007fff64c70000 - 0x00007fff64c7a000 	C:\Windows\SYSTEM32\VERSION.dll
0x00007fff70f80000 - 0x00007fff70feb000 	C:\Windows\System32\WS2_32.dll
0x00007fff6b150000 - 0x00007fff6b15f000 	C:\Program Files\Android\Android Studio\jre\jre\bin\verify.dll
0x00007fff57370000 - 0x00007fff57399000 	C:\Program Files\Android\Android Studio\jre\jre\bin\java.dll
0x00007fff5ee20000 - 0x00007fff5ee36000 	C:\Program Files\Android\Android Studio\jre\jre\bin\zip.dll
0x00007fff704b0000 - 0x00007fff70bf2000 	C:\Windows\System32\SHELL32.dll
0x00007fff6d9e0000 - 0x00007fff6e170000 	C:\Windows\SYSTEM32\windows.storage.dll
0x00007fff714c0000 - 0x00007fff71816000 	C:\Windows\System32\combase.dll
0x00007fff6f240000 - 0x00007fff6f26c000 	C:\Windows\SYSTEM32\Wldp.dll
0x00007fff71cb0000 - 0x00007fff71d5e000 	C:\Windows\System32\SHCORE.dll
0x00007fff70ff0000 - 0x00007fff71045000 	C:\Windows\System32\shlwapi.dll
0x00007fff6f7e0000 - 0x00007fff6f806000 	C:\Windows\SYSTEM32\profapi.dll
0x00007fff572f0000 - 0x00007fff5730a000 	C:\Program Files\Android\Android Studio\jre\jre\bin\net.dll
0x00007fff6f030000 - 0x00007fff6f09a000 	C:\Windows\system32\mswsock.dll
0x00007fff51950000 - 0x00007fff51963000 	C:\Program Files\Android\Android Studio\jre\jre\bin\nio.dll
0x00007fff40fa0000 - 0x00007fff40fca000 	C:\Users\Piotr\.gradle\native\36\windows-amd64\native-platform.dll
0x00007fff5f010000 - 0x00007fff5f01d000 	C:\Program Files\Android\Android Studio\jre\jre\bin\management.dll
0x00007fff6f280000 - 0x00007fff6f298000 	C:\Windows\SYSTEM32\CRYPTSP.dll
0x00007fff6e980000 - 0x00007fff6e9b4000 	C:\Windows\system32\rsaenh.dll
0x00007fff6fd30000 - 0x00007fff6fd57000 	C:\Windows\System32\bcrypt.dll
0x00007fff6f7a0000 - 0x00007fff6f7ce000 	C:\Windows\SYSTEM32\USERENV.dll
0x00007fff6f8e0000 - 0x00007fff6f960000 	C:\Windows\System32\bcryptprimitives.dll
0x00007fff6f1b0000 - 0x00007fff6f1bc000 	C:\Windows\SYSTEM32\CRYPTBASE.dll
0x00007fff6ecf0000 - 0x00007fff6ed2b000 	C:\Windows\SYSTEM32\IPHLPAPI.DLL
0x00007fff70ee0000 - 0x00007fff70ee8000 	C:\Windows\System32\NSI.dll
0x00007fff69ac0000 - 0x00007fff69ad7000 	C:\Windows\SYSTEM32\dhcpcsvc6.DLL
0x00007fff69a10000 - 0x00007fff69a2d000 	C:\Windows\SYSTEM32\dhcpcsvc.DLL
0x00007fff6ed30000 - 0x00007fff6edfb000 	C:\Windows\SYSTEM32\DNSAPI.dll
0x00007fff66e60000 - 0x00007fff67044000 	C:\Windows\SYSTEM32\dbghelp.dll

VM Arguments:
jvm_args: -XX:MaxMetaspaceSize=256m -XX:+HeapDumpOnOutOfMemoryError -Xms256m -Xmx512m -Dfile.encoding=windows-1250 -Duser.country=PL -Duser.language=pl -Duser.variant 
java_command: org.gradle.launcher.daemon.bootstrap.GradleDaemon 6.2
java_class_path (initial): C:\Users\Piotr\.gradle\wrapper\dists\gradle-6.2-all\dvufqs6kielxeao781pmk5huj\gradle-6.2\lib\gradle-launcher-6.2.jar
Launcher Type: SUN_STANDARD

Environment Variables:
JAVA_HOME=C:\Program Files\OpenJDK\openjdk-8u282-b08
PATH=C:\Program Files (x86)\Common Files\Intel\Shared Libraries\redist\intel64\compiler;C:\Windows\system32;C:\Windows;C:\Windows\System32\Wbem;C:\Windows\System32\WindowsPowerShell\v1.0\;C:\ProgramData\chocolatey\bin;C:\Program Files\Git\cmd;C:\Program Files\nodejs\;C:\Program Files\OpenJDK\openjdk-8u282-b08\bin;C:\Program Files\dotnet\;C:\Windows\System32\OpenSSH\;C:\Users\Piotr\AppData\Local\Android\Sdk\platform-tools;;C:\Program Files (x86)\Gpg4win\..\GnuPG\bin;C:\Program Files\Docker\Docker\resources\bin;C:\ProgramData\DockerDesktop\version-bin;C:\Users\Piotr\AppData\Local\Microsoft\WindowsApps;;C:\Users\Piotr\AppData\Local\Programs\Microsoft VS Code\bin;C:\Users\Piotr\AppData\Roaming\npm;C:\Program Files\OpenSSL-Win64\bin;
USERNAME=Piotr
OS=Windows_NT
PROCESSOR_IDENTIFIER=AMD64 Family 23 Model 113 Stepping 0, AuthenticAMD



---------------  S Y S T E M  ---------------

OS: Windows 10.0 , 64 bit Build 19041 (10.0.19041.804)

CPU:total 24 (initial active 24) (24 cores per cpu, 1 threads per core) family 23 model 113 stepping 0, cmov, cx8, fxsr, mmx, sse, sse2, sse3, ssse3, sse4.1, sse4.2, popcnt, avx, avx2, aes, clmul, mmxext, 3dnowpref, lzcnt, sse4a, tsc, tscinvbit, tscinv, bmi1

Memory: 4k page, physical 67021792k(35757904k free), swap 76983264k(35419548k free)

vm_info: OpenJDK 64-Bit Server VM (25.242-b01) for windows-amd64 JRE (1.8.0_242-release-1644-b01), built by "builder" with MS VC++ 10.0 (VS2010)

time: Fri Mar 05 00:34:03 2021
timezone: Œrodkowoeuropejski czas stand.
elapsed time: 11 seconds (0d 0h 0m 11s)

