#
# A fatal error has been detected by the Java Runtime Environment:
#
#  EXCEPTION_ACCESS_VIOLATION (0xc0000005) at pc=0x0000000076407147, pid=29084, tid=0x0000000000004550
#
# JRE version: OpenJDK Runtime Environment (8.0_242-b01) (build 1.8.0_242-release-1644-b01)
# Java VM: OpenJDK 64-Bit Server VM (25.242-b01 mixed mode windows-amd64 compressed oops)
# Problematic frame:
# V  [jvm.dll+0x4e7147]
#
# Failed to write core dump. Minidumps are not enabled by default on client versions of Windows
#
# If you would like to submit a bug report, please visit:
#   
#

---------------  T H R E A D  ---------------

Current thread (0x00000000173d1000):  JavaThread "C2 CompilerThread4" daemon [_thread_in_native, id=17744, stack(0x0000000019f20000,0x000000001a020000)]

siginfo: ExceptionCode=0xc0000005, reading address 0x000000007e47f730

Registers:
RAX=0x00000000211d4d70, RBX=0x000000000000001d, RCX=0x00000000174aaa70, RDX=0x0000000000000850
RSP=0x000000001a01c0c0, RBP=0x000000001a01c1c0, RSI=0x000000000000001a, RDI=0x000000001eca4880
R8 =0x0000000000000021, R9 =0x000000007655feb8, R10=0x0000000000000021, R11=0x0000000024356f40
R12=0x000000001eca4890, R13=0x000000000000006f, R14=0x000000001a01c7b0, R15=0x00000000174aaa00
RIP=0x0000000076407147, EFLAGS=0x0000000000010287

Top of Stack: (sp=0x000000001a01c0c0)
0x000000001a01c0c0:   0000000000000042 000000001a01c1c0
0x000000001a01c0d0:   0000000000000000 0000000000000001
0x000000001a01c0e0:   0000000000000e64 0000000000000e61
0x000000001a01c0f0:   000000002796e200 000000001a01c200
0x000000001a01c100:   000000001a01c2e0 000000000000004d
0x000000001a01c110:   000000000000001a 000000001eca4880
0x000000001a01c120:   0000000000000021 0000000000000021
0x000000001a01c130:   000000002011c930 000000210000006f
0x000000001a01c140:   00000b5000000000 000000001a01c490
0x000000001a01c150:   000000000000000f 000000001f79cd00
0x000000001a01c160:   000000007655feb8 00000b500000006f
0x000000001a01c170:   000000001a01c490 000000000000000f
0x000000001a01c180:   000000001f799fc0 0000000000000042
0x000000001a01c190:   00000000282498f0 000000001ad023f0
0x000000001a01c1a0:   0000000000000018 00000000000003d8
0x000000001a01c1b0:   000000001ad027c8 000000001ad023e0 

Instructions: (pc=0x0000000076407147)
0x0000000076407127:   8b fe 4c 8b b5 80 02 00 00 49 63 4f 28 45 8b 4f
0x0000000076407137:   18 49 8b 86 28 01 00 00 4c 89 7d 18 44 89 4d a0
0x0000000076407147:   44 8b 04 88 41 0f b6 47 2c 24 0f 44 89 45 00 3c
0x0000000076407157:   0c 0f 85 b3 00 00 00 45 3b 86 e8 00 00 00 0f 83 


Register to memory mapping:

RAX=0x00000000211d4d70 is an unknown value
RBX=0x000000000000001d is an unknown value
RCX=0x00000000174aaa70 is an unknown value
RDX=0x0000000000000850 is an unknown value
RSP=0x000000001a01c0c0 is pointing into the stack for thread: 0x00000000173d1000
RBP=0x000000001a01c1c0 is pointing into the stack for thread: 0x00000000173d1000
RSI=0x000000000000001a is an unknown value
RDI=0x000000001eca4880 is an unknown value
R8 =0x0000000000000021 is an unknown value
R9 =0x000000007655feb8 is an unknown value
R10=0x0000000000000021 is an unknown value
R11=0x0000000024356f40 is an unknown value
R12=0x000000001eca4890 is an unknown value
R13=0x000000000000006f is an unknown value
R14=0x000000001a01c7b0 is pointing into the stack for thread: 0x00000000173d1000
R15=0x00000000174aaa00 is an unknown value


Stack: [0x0000000019f20000,0x000000001a020000],  sp=0x000000001a01c0c0,  free space=1008k
Native frames: (J=compiled Java code, j=interpreted, Vv=VM code, C=native code)
V  [jvm.dll+0x4e7147]
V  [jvm.dll+0x43a956]
V  [jvm.dll+0x4456ab]
V  [jvm.dll+0x447fa8]
V  [jvm.dll+0x42b072]
V  [jvm.dll+0x8230f]
V  [jvm.dll+0x82c7f]
V  [jvm.dll+0x220b7f]
V  [jvm.dll+0x27276a]
C  [msvcr100.dll+0x21d9f]
C  [msvcr100.dll+0x21e3b]
C  [KERNEL32.DLL+0x17034]
C  [ntdll.dll+0x4d241]


Current CompileTask:
C2:  11501 10706       4       org.gradle.internal.instantiation.generator.AbstractClassGenerator::inspectType (559 bytes)


---------------  P R O C E S S  ---------------

Java Threads: ( => current thread )
  0x0000000023869800 JavaThread "Execution worker for ':' Thread 23" [_thread_blocked, id=25544, stack(0x000000002c290000,0x000000002c390000)]
  0x000000002386a000 JavaThread "Execution worker for ':' Thread 22" [_thread_blocked, id=11276, stack(0x000000002c190000,0x000000002c290000)]
  0x0000000023868800 JavaThread "Execution worker for ':' Thread 21" [_thread_blocked, id=27948, stack(0x000000002c090000,0x000000002c190000)]
  0x0000000023867800 JavaThread "Execution worker for ':' Thread 20" [_thread_blocked, id=1648, stack(0x000000002bf90000,0x000000002c090000)]
  0x0000000024257000 JavaThread "Execution worker for ':' Thread 19" [_thread_blocked, id=16476, stack(0x000000002be90000,0x000000002bf90000)]
  0x0000000024256800 JavaThread "Execution worker for ':' Thread 18" [_thread_blocked, id=1044, stack(0x000000002bd90000,0x000000002be90000)]
  0x0000000024255800 JavaThread "Execution worker for ':' Thread 17" [_thread_blocked, id=24908, stack(0x000000002bc90000,0x000000002bd90000)]
  0x0000000024255000 JavaThread "Execution worker for ':' Thread 16" [_thread_blocked, id=8900, stack(0x000000002bb90000,0x000000002bc90000)]
  0x0000000024253800 JavaThread "Execution worker for ':' Thread 15" [_thread_blocked, id=25528, stack(0x000000002ba90000,0x000000002bb90000)]
  0x0000000024258800 JavaThread "Execution worker for ':' Thread 14" [_thread_blocked, id=27892, stack(0x000000002b990000,0x000000002ba90000)]
  0x0000000024254000 JavaThread "Execution worker for ':' Thread 13" [_thread_blocked, id=1616, stack(0x000000002b890000,0x000000002b990000)]
  0x0000000024258000 JavaThread "Execution worker for ':' Thread 12" [_thread_blocked, id=11940, stack(0x000000002b790000,0x000000002b890000)]
  0x0000000024259800 JavaThread "Execution worker for ':' Thread 11" [_thread_blocked, id=25556, stack(0x000000002b690000,0x000000002b790000)]
  0x000000002424c800 JavaThread "Execution worker for ':' Thread 10" [_thread_blocked, id=23604, stack(0x000000002b590000,0x000000002b690000)]
  0x0000000024252800 JavaThread "Execution worker for ':' Thread 9" [_thread_blocked, id=21324, stack(0x000000002b490000,0x000000002b590000)]
  0x0000000024252000 JavaThread "Execution worker for ':' Thread 8" [_thread_blocked, id=22972, stack(0x000000002b390000,0x000000002b490000)]
  0x000000002424e000 JavaThread "Execution worker for ':' Thread 7" [_thread_blocked, id=23304, stack(0x000000002b290000,0x000000002b390000)]
  0x000000002424d000 JavaThread "Execution worker for ':' Thread 6" [_thread_blocked, id=10236, stack(0x000000002b190000,0x000000002b290000)]
  0x000000002424b800 JavaThread "Execution worker for ':' Thread 5" [_thread_blocked, id=29236, stack(0x000000002b090000,0x000000002b190000)]
  0x000000002424e800 JavaThread "Execution worker for ':' Thread 4" [_thread_blocked, id=11048, stack(0x000000002af90000,0x000000002b090000)]
  0x000000002424a000 JavaThread "Execution worker for ':' Thread 3" [_thread_blocked, id=28192, stack(0x000000002ae90000,0x000000002af90000)]
  0x0000000024250800 JavaThread "Execution worker for ':' Thread 2" [_thread_blocked, id=28424, stack(0x000000002ad90000,0x000000002ae90000)]
  0x000000002424b000 JavaThread "Execution worker for ':'" [_thread_blocked, id=12372, stack(0x000000002ac90000,0x000000002ad90000)]
  0x000000001b7b4000 JavaThread "Cache worker for file content cache (D:\projects\ArticlesAgregator\android\.gradle\6.2\fileContent)" [_thread_blocked, id=29376, stack(0x000000002a600000,0x000000002a700000)]
  0x000000001b7b7800 JavaThread "Cache worker for file content cache (C:\Users\Piotr\.gradle\caches\6.2\fileContent)" [_thread_blocked, id=24680, stack(0x0000000028f30000,0x0000000029030000)]
  0x000000001b7b6000 JavaThread "Memory manager" [_thread_blocked, id=28236, stack(0x0000000027230000,0x0000000027330000)]
  0x000000001b7b2800 JavaThread "Cache worker for Build Output Cleanup Cache (D:\projects\ArticlesAgregator\android\.gradle\buildOutputCleanup)" [_thread_blocked, id=27744, stack(0x0000000027130000,0x0000000027230000)]
  0x000000001b7b1800 JavaThread "pool-1-thread-1" [_thread_blocked, id=1336, stack(0x0000000026c30000,0x0000000026d30000)]
  0x000000001b7a8800 JavaThread "Build operations Thread 24" [_thread_blocked, id=24128, stack(0x0000000026730000,0x0000000026830000)]
  0x000000001b7af800 JavaThread "Build operations Thread 23" [_thread_blocked, id=26380, stack(0x0000000026630000,0x0000000026730000)]
  0x000000001b7a9800 JavaThread "Build operations Thread 22" [_thread_blocked, id=18252, stack(0x0000000026530000,0x0000000026630000)]
  0x000000001b7ab800 JavaThread "Build operations Thread 21" [_thread_blocked, id=23288, stack(0x0000000026430000,0x0000000026530000)]
  0x000000001b7ae800 JavaThread "Build operations Thread 20" [_thread_blocked, id=22176, stack(0x0000000026330000,0x0000000026430000)]
  0x000000001b7ae000 JavaThread "Build operations Thread 19" [_thread_blocked, id=29640, stack(0x0000000026230000,0x0000000026330000)]
  0x000000001b7aa000 JavaThread "Build operations Thread 18" [_thread_blocked, id=9176, stack(0x0000000026130000,0x0000000026230000)]
  0x000000001b7ab000 JavaThread "Build operations Thread 17" [_thread_blocked, id=10576, stack(0x0000000026030000,0x0000000026130000)]
  0x000000001b7ad000 JavaThread "Build operations Thread 16" [_thread_blocked, id=23316, stack(0x0000000025f30000,0x0000000026030000)]
  0x000000001b7ac800 JavaThread "Build operations Thread 15" [_thread_blocked, id=28760, stack(0x0000000025e30000,0x0000000025f30000)]
  0x000000001cdf1800 JavaThread "Build operations Thread 14" [_thread_blocked, id=3828, stack(0x0000000025d30000,0x0000000025e30000)]
  0x000000001cdf1000 JavaThread "Build operations Thread 13" [_thread_blocked, id=24100, stack(0x0000000025c30000,0x0000000025d30000)]
  0x000000001cdf4000 JavaThread "Build operations Thread 12" [_thread_blocked, id=5288, stack(0x0000000025b30000,0x0000000025c30000)]
  0x000000001cdf2800 JavaThread "Build operations Thread 11" [_thread_blocked, id=23480, stack(0x0000000025a30000,0x0000000025b30000)]
  0x000000001cdf4800 JavaThread "Build operations Thread 10" [_thread_blocked, id=19032, stack(0x0000000025930000,0x0000000025a30000)]
  0x000000001cdf0000 JavaThread "Build operations Thread 9" [_thread_blocked, id=28592, stack(0x0000000025830000,0x0000000025930000)]
  0x000000001cdee800 JavaThread "Build operations Thread 8" [_thread_blocked, id=23748, stack(0x0000000025730000,0x0000000025830000)]
  0x000000001cdf3000 JavaThread "Build operations Thread 7" [_thread_blocked, id=17472, stack(0x0000000025630000,0x0000000025730000)]
  0x000000001cdef800 JavaThread "Build operations Thread 6" [_thread_blocked, id=24764, stack(0x0000000025530000,0x0000000025630000)]
  0x000000001cde7000 JavaThread "Build operations Thread 5" [_thread_blocked, id=23744, stack(0x0000000025430000,0x0000000025530000)]
  0x000000001cded800 JavaThread "Build operations Thread 4" [_thread_blocked, id=12548, stack(0x0000000025330000,0x0000000025430000)]
  0x000000001cde6000 JavaThread "Build operations Thread 3" [_thread_blocked, id=28688, stack(0x0000000025230000,0x0000000025330000)]
  0x000000001cde9000 JavaThread "Build operations Thread 2" [_thread_blocked, id=27200, stack(0x0000000025130000,0x0000000025230000)]
  0x000000001cde7800 JavaThread "Build operations" [_thread_blocked, id=3728, stack(0x0000000025030000,0x0000000025130000)]
  0x000000001cdea000 JavaThread "Cache worker for execution history cache (C:\Users\Piotr\.gradle\caches\6.2\executionHistory)" [_thread_in_Java, id=22768, stack(0x0000000022390000,0x0000000022490000)]
  0x0000000017420000 JavaThread "Cache worker for cache directory md-rule (C:\Users\Piotr\.gradle\caches\6.2\md-rule)" [_thread_blocked, id=17252, stack(0x0000000022290000,0x0000000022390000)]
  0x000000001741f000 JavaThread "Cache worker for cache directory md-supplier (C:\Users\Piotr\.gradle\caches\6.2\md-supplier)" [_thread_blocked, id=22088, stack(0x0000000021d30000,0x0000000021e30000)]
  0x000000001741e800 JavaThread "Cache worker for file hash cache (D:\projects\ArticlesAgregator\android\.gradle\6.2\fileHashes)" [_thread_blocked, id=28964, stack(0x0000000021c30000,0x0000000021d30000)]
  0x0000000017423000 JavaThread "Cache worker for checksums cache (D:\projects\ArticlesAgregator\android\.gradle\checksums)" [_thread_blocked, id=9412, stack(0x0000000020b00000,0x0000000020c00000)]
  0x0000000017421800 JavaThread "Cache worker for file hash cache (C:\Users\Piotr\.gradle\caches\6.2\fileHashes)" [_thread_blocked, id=3708, stack(0x000000001e860000,0x000000001e960000)]
  0x0000000017420800 JavaThread "File lock request listener" [_thread_in_native, id=14436, stack(0x000000001e760000,0x000000001e860000)]
  0x000000001c9b4800 JavaThread "Cache worker for journal cache (C:\Users\Piotr\.gradle\caches\journal-1)" [_thread_blocked, id=19352, stack(0x000000001e660000,0x000000001e760000)]
  0x000000001c912800 JavaThread "Thread-9" [_thread_blocked, id=21452, stack(0x000000001e360000,0x000000001e460000)]
  0x000000001c912000 JavaThread "Stdin handler" [_thread_blocked, id=29332, stack(0x000000001e260000,0x000000001e360000)]
  0x000000001c89d800 JavaThread "Asynchronous log dispatcher for DefaultDaemonConnection: socket connection from /127.0.0.1:59274 to /127.0.0.1:59275" [_thread_blocked, id=27540, stack(0x000000001e160000,0x000000001e260000)]
  0x000000001c89c800 JavaThread "Daemon worker" [_thread_blocked, id=26784, stack(0x000000001e060000,0x000000001e160000)]
  0x000000001c89b800 JavaThread "Cancel handler" [_thread_blocked, id=24388, stack(0x000000001df60000,0x000000001e060000)]
  0x000000001c852000 JavaThread "Handler for socket connection from /127.0.0.1:59274 to /127.0.0.1:59275" [_thread_in_native, id=21396, stack(0x000000001dc60000,0x000000001dd60000)]
  0x000000001c902800 JavaThread "Daemon" [_thread_blocked, id=29588, stack(0x000000001db60000,0x000000001dc60000)]
  0x000000001c8ff000 JavaThread "Daemon periodic checks" [_thread_blocked, id=29536, stack(0x000000001da60000,0x000000001db60000)]
  0x000000001c830000 JavaThread "Incoming local TCP Connector on port 59274" [_thread_in_native, id=25900, stack(0x000000001d800000,0x000000001d900000)]
  0x000000001c7fd800 JavaThread "Daemon health stats" [_thread_blocked, id=24068, stack(0x000000001d1c0000,0x000000001d2c0000)]
  0x00000000174b2000 JavaThread "Service Thread" daemon [_thread_blocked, id=15264, stack(0x000000001a820000,0x000000001a920000)]
  0x0000000017423800 JavaThread "C1 CompilerThread11" daemon [_thread_blocked, id=27072, stack(0x000000001a720000,0x000000001a820000)]
  0x0000000017425000 JavaThread "C1 CompilerThread10" daemon [_thread_blocked, id=26492, stack(0x000000001a620000,0x000000001a720000)]
  0x0000000017422000 JavaThread "C1 CompilerThread9" daemon [_thread_blocked, id=20420, stack(0x000000001a520000,0x000000001a620000)]
  0x0000000017424800 JavaThread "C1 CompilerThread8" daemon [_thread_blocked, id=1964, stack(0x000000001a420000,0x000000001a520000)]
  0x000000001740f800 JavaThread "C2 CompilerThread7" daemon [_thread_in_native, id=21956, stack(0x000000001a320000,0x000000001a420000)]
  0x00000000173db800 JavaThread "C2 CompilerThread6" daemon [_thread_in_native, id=16496, stack(0x000000001a220000,0x000000001a320000)]
  0x00000000173d1800 JavaThread "C2 CompilerThread5" daemon [_thread_in_native, id=23040, stack(0x000000001a120000,0x000000001a220000)]
=>0x00000000173d1000 JavaThread "C2 CompilerThread4" daemon [_thread_in_native, id=17744, stack(0x0000000019f20000,0x000000001a020000)]
  0x000000001544e800 JavaThread "C2 CompilerThread3" daemon [_thread_in_native, id=26780, stack(0x0000000019e20000,0x0000000019f20000)]
  0x00000000173cc800 JavaThread "C2 CompilerThread2" daemon [_thread_in_native, id=1256, stack(0x0000000019d20000,0x0000000019e20000)]
  0x000000001544b000 JavaThread "C2 CompilerThread1" daemon [_thread_in_native, id=3824, stack(0x0000000019c20000,0x0000000019d20000)]
  0x0000000015449800 JavaThread "C2 CompilerThread0" daemon [_thread_in_native, id=20504, stack(0x0000000019b20000,0x0000000019c20000)]
  0x0000000015448800 JavaThread "Attach Listener" daemon [_thread_blocked, id=23232, stack(0x0000000019a20000,0x0000000019b20000)]
  0x0000000015448000 JavaThread "Signal Dispatcher" daemon [_thread_blocked, id=22760, stack(0x0000000019920000,0x0000000019a20000)]
  0x00000000173b9800 JavaThread "Finalizer" daemon [_thread_blocked, id=20880, stack(0x0000000019710000,0x0000000019810000)]
  0x00000000173b3800 JavaThread "Reference Handler" daemon [_thread_blocked, id=22568, stack(0x0000000019610000,0x0000000019710000)]
  0x0000000002efe000 JavaThread "main" [_thread_blocked, id=25232, stack(0x0000000002fd0000,0x00000000030d0000)]

Other Threads:
  0x000000001542f000 VMThread [stack: 0x0000000019510000,0x0000000019610000] [id=26420]
  0x0000000017495800 WatcherThread [stack: 0x000000001a920000,0x000000001aa20000] [id=28168]

VM state:not at safepoint (normal execution)

VM Mutex/Monitor currently owned by a thread: None

heap address: 0x00000000e0000000, size: 512 MB, Compressed Oops mode: 32-bit
Narrow klass base: 0x0000000000000000, Narrow klass shift: 3
Compressed class space size: 1073741824 Address: 0x0000000100000000

Heap:
 PSYoungGen      total 138752K, used 61521K [0x00000000f5580000, 0x0000000100000000, 0x0000000100000000)
  eden space 118272K, 34% used [0x00000000f5580000,0x00000000f7dcd350,0x00000000fc900000)
  from space 20480K, 98% used [0x00000000fc900000,0x00000000fdcc7168,0x00000000fdd00000)
  to   space 29184K, 0% used [0x00000000fe380000,0x00000000fe380000,0x0000000100000000)
 ParOldGen       total 208896K, used 68640K [0x00000000e0000000, 0x00000000ecc00000, 0x00000000f5580000)
  object space 208896K, 32% used [0x00000000e0000000,0x00000000e4308208,0x00000000ecc00000)
 Metaspace       used 70054K, capacity 75266K, committed 75432K, reserved 1114112K
  class space    used 9581K, capacity 10876K, committed 10928K, reserved 1048576K

Card table byte_map: [0x0000000012590000,0x00000000126a0000] byte_map_base: 0x0000000011e90000

Marking Bits: (ParMarkBitMap*) 0x00000000766ef030
 Begin Bits: [0x0000000013950000, 0x0000000014150000)
 End Bits:   [0x0000000014150000, 0x0000000014950000)

Polling page: 0x00000000010a0000

CodeCache: size=245760Kb used=33946Kb max_used=33993Kb free=211813Kb
 bounds [0x00000000031d0000, 0x0000000005330000, 0x00000000121d0000]
 total_blobs=10724 nmethods=9913 adapters=721
 compilation: enabled

Compilation events (10 events):
Event: 11.486 Thread 0x0000000017422000 nmethod 11016 0x0000000003aa2d10 code [0x0000000003aa2ec0, 0x0000000003aa34b8]
Event: 11.486 Thread 0x0000000017423800 nmethod 11014 0x0000000005307e90 code [0x0000000005308080, 0x0000000005308718]
Event: 11.486 Thread 0x0000000017422000 11019       3       java.lang.invoke.MethodHandles::identity (87 bytes)
Event: 11.486 Thread 0x0000000017423800 11020       3       java.lang.invoke.InnerClassLambdaMetafactory$1::run (23 bytes)
Event: 11.486 Thread 0x0000000017425000 nmethod 11015 0x0000000003b13410 code [0x0000000003b13640, 0x0000000003b142d8]
Event: 11.486 Thread 0x0000000017425000 11021       1       com.google.common.collect.MapMakerInternalMap$AbstractWeakKeyEntry::getNext (5 bytes)
Event: 11.486 Thread 0x0000000017423800 nmethod 11020 0x0000000005306650 code [0x0000000005306820, 0x0000000005306e38]
Event: 11.486 Thread 0x0000000017423800 11018       3       java.lang.invoke.MethodHandles::constant (87 bytes)
Event: 11.486 Thread 0x0000000017425000 nmethod 11021 0x0000000005304690 code [0x00000000053047e0, 0x00000000053048f0]
Event: 11.487 Thread 0x0000000017423800 nmethod 11018 0x0000000003cfe290 code [0x0000000003cfe540, 0x0000000003cff748]

GC Heap History (10 events):
Event: 9.172 GC heap before
{Heap before GC invocations=12 (full 2):
 PSYoungGen      total 161792K, used 105898K [0x00000000f5580000, 0x0000000100000000, 0x0000000100000000)
  eden space 148992K, 62% used [0x00000000f5580000,0x00000000fb0710a8,0x00000000fe700000)
  from space 12800K, 99% used [0x00000000fe700000,0x00000000ff3797f8,0x00000000ff380000)
  to   space 12800K, 0% used [0x00000000ff380000,0x00000000ff380000,0x0000000100000000)
 ParOldGen       total 175104K, used 24992K [0x00000000e0000000, 0x00000000eab00000, 0x00000000f5580000)
  object space 175104K, 14% used [0x00000000e0000000,0x00000000e1868160,0x00000000eab00000)
 Metaspace       used 56205K, capacity 59100K, committed 59160K, reserved 1099776K
  class space    used 7691K, capacity 8367K, committed 8368K, reserved 1048576K
Event: 9.179 GC heap after
Heap after GC invocations=12 (full 2):
 PSYoungGen      total 145408K, used 12784K [0x00000000f5580000, 0x0000000100000000, 0x0000000100000000)
  eden space 132608K, 0% used [0x00000000f5580000,0x00000000f5580000,0x00000000fd700000)
  from space 12800K, 99% used [0x00000000ff380000,0x00000000ffffc0b8,0x0000000100000000)
  to   space 20992K, 0% used [0x00000000fd700000,0x00000000fd700000,0x00000000feb80000)
 ParOldGen       total 175104K, used 34052K [0x00000000e0000000, 0x00000000eab00000, 0x00000000f5580000)
  object space 175104K, 19% used [0x00000000e0000000,0x00000000e2141100,0x00000000eab00000)
 Metaspace       used 56205K, capacity 59100K, committed 59160K, reserved 1099776K
  class space    used 7691K, capacity 8367K, committed 8368K, reserved 1048576K
}
Event: 9.179 GC heap before
{Heap before GC invocations=13 (full 3):
 PSYoungGen      total 145408K, used 12784K [0x00000000f5580000, 0x0000000100000000, 0x0000000100000000)
  eden space 132608K, 0% used [0x00000000f5580000,0x00000000f5580000,0x00000000fd700000)
  from space 12800K, 99% used [0x00000000ff380000,0x00000000ffffc0b8,0x0000000100000000)
  to   space 20992K, 0% used [0x00000000fd700000,0x00000000fd700000,0x00000000feb80000)
 ParOldGen       total 175104K, used 34052K [0x00000000e0000000, 0x00000000eab00000, 0x00000000f5580000)
  object space 175104K, 19% used [0x00000000e0000000,0x00000000e2141100,0x00000000eab00000)
 Metaspace       used 56205K, capacity 59100K, committed 59160K, reserved 1099776K
  class space    used 7691K, capacity 8367K, committed 8368K, reserved 1048576K
Event: 9.327 GC heap after
Heap after GC invocations=13 (full 3):
 PSYoungGen      total 145408K, used 0K [0x00000000f5580000, 0x0000000100000000, 0x0000000100000000)
  eden space 132608K, 0% used [0x00000000f5580000,0x00000000f5580000,0x00000000fd700000)
  from space 12800K, 0% used [0x00000000ff380000,0x00000000ff380000,0x0000000100000000)
  to   space 20992K, 0% used [0x00000000fd700000,0x00000000fd700000,0x00000000feb80000)
 ParOldGen       total 208896K, used 38323K [0x00000000e0000000, 0x00000000ecc00000, 0x00000000f5580000)
  object space 208896K, 18% used [0x00000000e0000000,0x00000000e256cea8,0x00000000ecc00000)
 Metaspace       used 56102K, capacity 58758K, committed 59160K, reserved 1099776K
  class space    used 7660K, capacity 8310K, committed 8368K, reserved 1048576K
}
Event: 10.225 GC heap before
{Heap before GC invocations=14 (full 3):
 PSYoungGen      total 145408K, used 132608K [0x00000000f5580000, 0x0000000100000000, 0x0000000100000000)
  eden space 132608K, 100% used [0x00000000f5580000,0x00000000fd700000,0x00000000fd700000)
  from space 12800K, 0% used [0x00000000ff380000,0x00000000ff380000,0x0000000100000000)
  to   space 20992K, 0% used [0x00000000fd700000,0x00000000fd700000,0x00000000feb80000)
 ParOldGen       total 208896K, used 38323K [0x00000000e0000000, 0x00000000ecc00000, 0x00000000f5580000)
  object space 208896K, 18% used [0x00000000e0000000,0x00000000e256cea8,0x00000000ecc00000)
 Metaspace       used 62887K, capacity 66676K, committed 66856K, reserved 1105920K
  class space    used 8657K, capacity 9656K, committed 9776K, reserved 1048576K
Event: 10.231 GC heap after
Heap after GC invocations=14 (full 3):
 PSYoungGen      total 151552K, used 18653K [0x00000000f5580000, 0x0000000100000000, 0x0000000100000000)
  eden space 132608K, 0% used [0x00000000f5580000,0x00000000f5580000,0x00000000fd700000)
  from space 18944K, 98% used [0x00000000fd700000,0x00000000fe937478,0x00000000fe980000)
  to   space 22528K, 0% used [0x00000000fea00000,0x00000000fea00000,0x0000000100000000)
 ParOldGen       total 208896K, used 38395K [0x00000000e0000000, 0x00000000ecc00000, 0x00000000f5580000)
  object space 208896K, 18% used [0x00000000e0000000,0x00000000e257eeb8,0x00000000ecc00000)
 Metaspace       used 62887K, capacity 66676K, committed 66856K, reserved 1105920K
  class space    used 8657K, capacity 9656K, committed 9776K, reserved 1048576K
}
Event: 10.801 GC heap before
{Heap before GC invocations=15 (full 3):
 PSYoungGen      total 151552K, used 151261K [0x00000000f5580000, 0x0000000100000000, 0x0000000100000000)
  eden space 132608K, 100% used [0x00000000f5580000,0x00000000fd700000,0x00000000fd700000)
  from space 18944K, 98% used [0x00000000fd700000,0x00000000fe937478,0x00000000fe980000)
  to   space 22528K, 0% used [0x00000000fea00000,0x00000000fea00000,0x0000000100000000)
 ParOldGen       total 208896K, used 38395K [0x00000000e0000000, 0x00000000ecc00000, 0x00000000f5580000)
  object space 208896K, 18% used [0x00000000e0000000,0x00000000e257eeb8,0x00000000ecc00000)
 Metaspace       used 67057K, capacity 71442K, committed 71592K, reserved 1110016K
  class space    used 9220K, capacity 10414K, committed 10416K, reserved 1048576K
Event: 10.809 GC heap after
Heap after GC invocations=15 (full 3):
 PSYoungGen      total 140800K, used 22510K [0x00000000f5580000, 0x0000000100000000, 0x0000000100000000)
  eden space 118272K, 0% used [0x00000000f5580000,0x00000000f5580000,0x00000000fc900000)
  from space 22528K, 99% used [0x00000000fea00000,0x00000000ffffbb20,0x0000000100000000)
  to   space 28160K, 0% used [0x00000000fc900000,0x00000000fc900000,0x00000000fe480000)
 ParOldGen       total 208896K, used 46139K [0x00000000e0000000, 0x00000000ecc00000, 0x00000000f5580000)
  object space 208896K, 22% used [0x00000000e0000000,0x00000000e2d0ec78,0x00000000ecc00000)
 Metaspace       used 67057K, capacity 71442K, committed 71592K, reserved 1110016K
  class space    used 9220K, capacity 10414K, committed 10416K, reserved 1048576K
}
Event: 11.338 GC heap before
{Heap before GC invocations=16 (full 3):
 PSYoungGen      total 140800K, used 140782K [0x00000000f5580000, 0x0000000100000000, 0x0000000100000000)
  eden space 118272K, 100% used [0x00000000f5580000,0x00000000fc900000,0x00000000fc900000)
  from space 22528K, 99% used [0x00000000fea00000,0x00000000ffffbb20,0x0000000100000000)
  to   space 28160K, 0% used [0x00000000fc900000,0x00000000fc900000,0x00000000fe480000)
 ParOldGen       total 208896K, used 46139K [0x00000000e0000000, 0x00000000ecc00000, 0x00000000f5580000)
  object space 208896K, 22% used [0x00000000e0000000,0x00000000e2d0ec78,0x00000000ecc00000)
 Metaspace       used 68924K, capacity 73510K, committed 73640K, reserved 1112064K
  class space    used 9366K, capacity 10586K, committed 10672K, reserved 1048576K
Event: 11.350 GC heap after
Heap after GC invocations=16 (full 3):
 PSYoungGen      total 138752K, used 20252K [0x00000000f5580000, 0x0000000100000000, 0x0000000100000000)
  eden space 118272K, 0% used [0x00000000f5580000,0x00000000f5580000,0x00000000fc900000)
  from space 20480K, 98% used [0x00000000fc900000,0x00000000fdcc7168,0x00000000fdd00000)
  to   space 29184K, 0% used [0x00000000fe380000,0x00000000fe380000,0x0000000100000000)
 ParOldGen       total 208896K, used 68640K [0x00000000e0000000, 0x00000000ecc00000, 0x00000000f5580000)
  object space 208896K, 32% used [0x00000000e0000000,0x00000000e4308208,0x00000000ecc00000)
 Metaspace       used 68924K, capacity 73510K, committed 73640K, reserved 1112064K
  class space    used 9366K, capacity 10586K, committed 10672K, reserved 1048576K
}

Deoptimization events (10 events):
Event: 11.471 Thread 0x0000000024256800 Uncommon trap: reason=unstable_if action=reinterpret pc=0x00000000049e8ab8 method=org.gradle.internal.service.DefaultServiceRegistry$SingletonService.prepare()Lorg/gradle/internal/service/Service; @ 68
Event: 11.471 Thread 0x0000000024255000 Uncommon trap: reason=unstable_if action=reinterpret pc=0x00000000049e8ab8 method=org.gradle.internal.service.DefaultServiceRegistry$SingletonService.prepare()Lorg/gradle/internal/service/Service; @ 68
Event: 11.471 Thread 0x0000000024252000 Uncommon trap: reason=unstable_if action=reinterpret pc=0x00000000049e8ab8 method=org.gradle.internal.service.DefaultServiceRegistry$SingletonService.prepare()Lorg/gradle/internal/service/Service; @ 68
Event: 11.471 Thread 0x0000000024252800 Uncommon trap: reason=unstable_if action=reinterpret pc=0x00000000049e8ab8 method=org.gradle.internal.service.DefaultServiceRegistry$SingletonService.prepare()Lorg/gradle/internal/service/Service; @ 68
Event: 11.471 Thread 0x0000000024253800 Uncommon trap: reason=unstable_if action=reinterpret pc=0x00000000049e8ab8 method=org.gradle.internal.service.DefaultServiceRegistry$SingletonService.prepare()Lorg/gradle/internal/service/Service; @ 68
Event: 11.471 Thread 0x0000000023869800 Uncommon trap: reason=unstable_if action=reinterpret pc=0x00000000049e8ab8 method=org.gradle.internal.service.DefaultServiceRegistry$SingletonService.prepare()Lorg/gradle/internal/service/Service; @ 68
Event: 11.471 Thread 0x000000002424e000 Uncommon trap: reason=unstable_if action=reinterpret pc=0x00000000049e8ab8 method=org.gradle.internal.service.DefaultServiceRegistry$SingletonService.prepare()Lorg/gradle/internal/service/Service; @ 68
Event: 11.471 Thread 0x0000000024258800 Uncommon trap: reason=unstable_if action=reinterpret pc=0x00000000049e8ab8 method=org.gradle.internal.service.DefaultServiceRegistry$SingletonService.prepare()Lorg/gradle/internal/service/Service; @ 68
Event: 11.472 Thread 0x0000000024259800 Uncommon trap: reason=unstable_if action=reinterpret pc=0x0000000004d7c548 method=java.util.concurrent.ConcurrentHashMap.putVal(Ljava/lang/Object;Ljava/lang/Object;Z)Ljava/lang/Object; @ 98
Event: 11.474 Thread 0x0000000024254000 Uncommon trap: reason=unstable_if action=reinterpret pc=0x00000000040ff1c0 method=org.gradle.internal.snapshot.PathUtil.equalChars(CCLorg/gradle/internal/snapshot/CaseSensitivity;)Z @ 11

Classes redefined (0 events):
No events

Internal exceptions (10 events):
Event: 10.593 Thread 0x000000001c89c800 Exception <a 'java/lang/ClassNotFoundException': build_c0rymjg61fhuo141we1laekv3$_run_closure1Customizer> (0x00000000fadcb318) thrown at [C:\src\AOSP-openjdk-git\hotspot\src\share\vm\classfile\systemDictionary.cpp, line 210]
Event: 10.696 Thread 0x000000001c89c800 Implicit null exception at 0x0000000004b7d633 to 0x0000000004b7d93d
Event: 10.696 Thread 0x000000001c89c800 Implicit null exception at 0x0000000004b35413 to 0x0000000004b354b9
Event: 10.696 Thread 0x000000001c89c800 Implicit null exception at 0x0000000004b7eab9 to 0x0000000004b7f339
Event: 10.696 Thread 0x000000001c89c800 Implicit null exception at 0x0000000004b3db76 to 0x0000000004b3e011
Event: 10.696 Thread 0x000000001c89c800 Implicit null exception at 0x00000000034c9a46 to 0x00000000034c9da5
Event: 10.715 Thread 0x000000001c89c800 Exception <a 'java/lang/NoSuchMethodError': java.lang.Object.lambda$static$0(Lorg/gradle/api/internal/tasks/TaskDependencyResolveContext;)V> (0x00000000fc4f4568) thrown at [C:\src\AOSP-openjdk-git\hotspot\src\share\vm\interpreter\linkResolver.cpp, line 62
Event: 10.786 Thread 0x000000001c89c800 Implicit null exception at 0x0000000003d585a2 to 0x0000000003d58ac1
Event: 10.797 Thread 0x000000001c89c800 Implicit null exception at 0x0000000003603d94 to 0x0000000003604141
Event: 10.946 Thread 0x000000001c89c800 Exception <a 'java/lang/NoSuchMethodError': java.lang.Object.lambda$static$0(Lorg/gradle/api/specs/Spec;Lorg/gradle/api/internal/artifacts/transform/VariantSelector;)Lorg/gradle/api/internal/artifacts/ivyservice/resolveengine/artifact/ResolvedArtifactSet;

Events (10 events):
Event: 11.486 loading class org/gradle/internal/snapshot/CompleteFileSystemLocationSnapshot done
Event: 11.487 loading class org/gradle/internal/snapshot/CompleteFileSystemLocationSnapshot
Event: 11.487 loading class org/gradle/internal/snapshot/CompleteFileSystemLocationSnapshot done
Event: 11.487 loading class org/gradle/internal/snapshot/CompleteFileSystemLocationSnapshot
Event: 11.487 loading class org/gradle/internal/snapshot/CompleteFileSystemLocationSnapshot done
Event: 11.487 loading class org/gradle/internal/snapshot/CompleteFileSystemLocationSnapshot
Event: 11.487 loading class org/gradle/internal/snapshot/CompleteFileSystemLocationSnapshot done
Event: 11.487 loading class org/gradle/internal/snapshot/CompleteFileSystemLocationSnapshot
Event: 11.487 Thread 0x0000000017423800 flushing nmethod 0x0000000003d2e610
Event: 11.487 loading class org/gradle/internal/snapshot/CompleteFileSystemLocationSnapshot done


Dynamic libraries:
0x00007ff68df90000 - 0x00007ff68dfc1000 	C:\Program Files\Android\Android Studio\jre\bin\java.exe
0x00007fff72170000 - 0x00007fff72366000 	C:\Windows\SYSTEM32\ntdll.dll
0x00007fff5d650000 - 0x00007fff5d662000 	C:\Program Files\Avast Software\Avast\aswhook.dll
0x00007fff71900000 - 0x00007fff719bd000 	C:\Windows\System32\KERNEL32.DLL
0x00007fff6f960000 - 0x00007fff6fc29000 	C:\Windows\System32\KERNELBASE.dll
0x00007fff71c00000 - 0x00007fff71cac000 	C:\Windows\System32\ADVAPI32.dll
0x00007fff719c0000 - 0x00007fff71a5e000 	C:\Windows\System32\msvcrt.dll
0x00007fff70e40000 - 0x00007fff70edc000 	C:\Windows\System32\sechost.dll
0x00007fff71a60000 - 0x00007fff71b8b000 	C:\Windows\System32\RPCRT4.dll
0x00007fff71e90000 - 0x00007fff72030000 	C:\Windows\System32\USER32.dll
0x00007fff6f8b0000 - 0x00007fff6f8d2000 	C:\Windows\System32\win32u.dll
0x00007fff71bd0000 - 0x00007fff71bfa000 	C:\Windows\System32\GDI32.dll
0x00007fff70070000 - 0x00007fff7017b000 	C:\Windows\System32\gdi32full.dll
0x00007fff6fe70000 - 0x00007fff6ff0d000 	C:\Windows\System32\msvcp_win.dll
0x00007fff6fc30000 - 0x00007fff6fd30000 	C:\Windows\System32\ucrtbase.dll
0x00007fff50140000 - 0x00007fff503db000 	C:\Windows\WinSxS\amd64_microsoft.windows.common-controls_6595b64144ccf1df_6.0.19041.746_none_ca02b4b61b8320a4\COMCTL32.dll
0x00007fff71b90000 - 0x00007fff71bc0000 	C:\Windows\System32\IMM32.DLL
0x00000000501e0000 - 0x00000000502b2000 	C:\Program Files\Android\Android Studio\jre\jre\bin\msvcr100.dll
0x0000000075f20000 - 0x000000007676b000 	C:\Program Files\Android\Android Studio\jre\jre\bin\server\jvm.dll
0x00007fff71e80000 - 0x00007fff71e88000 	C:\Windows\System32\PSAPI.DLL
0x00007fff64e10000 - 0x00007fff64e37000 	C:\Windows\SYSTEM32\WINMM.dll
0x00007fff64c70000 - 0x00007fff64c7a000 	C:\Windows\SYSTEM32\VERSION.dll
0x00007fff555d0000 - 0x00007fff555d9000 	C:\Windows\SYSTEM32\WSOCK32.dll
0x00007fff70f80000 - 0x00007fff70feb000 	C:\Windows\System32\WS2_32.dll
0x00007fff6b150000 - 0x00007fff6b15f000 	C:\Program Files\Android\Android Studio\jre\jre\bin\verify.dll
0x00007fff57370000 - 0x00007fff57399000 	C:\Program Files\Android\Android Studio\jre\jre\bin\java.dll
0x00007fff5ee20000 - 0x00007fff5ee36000 	C:\Program Files\Android\Android Studio\jre\jre\bin\zip.dll
0x00007fff704b0000 - 0x00007fff70bf2000 	C:\Windows\System32\SHELL32.dll
0x00007fff6d9e0000 - 0x00007fff6e170000 	C:\Windows\SYSTEM32\windows.storage.dll
0x00007fff714c0000 - 0x00007fff71816000 	C:\Windows\System32\combase.dll
0x00007fff6f240000 - 0x00007fff6f26c000 	C:\Windows\SYSTEM32\Wldp.dll
0x00007fff71cb0000 - 0x00007fff71d5e000 	C:\Windows\System32\SHCORE.dll
0x00007fff70ff0000 - 0x00007fff71045000 	C:\Windows\System32\shlwapi.dll
0x00007fff6f7e0000 - 0x00007fff6f806000 	C:\Windows\SYSTEM32\profapi.dll
0x00007fff572f0000 - 0x00007fff5730a000 	C:\Program Files\Android\Android Studio\jre\jre\bin\net.dll
0x00007fff6f030000 - 0x00007fff6f09a000 	C:\Windows\system32\mswsock.dll
0x00007fff51950000 - 0x00007fff51963000 	C:\Program Files\Android\Android Studio\jre\jre\bin\nio.dll
0x00007fff40fa0000 - 0x00007fff40fca000 	C:\Users\Piotr\.gradle\native\36\windows-amd64\native-platform.dll
0x00007fff5f010000 - 0x00007fff5f01d000 	C:\Program Files\Android\Android Studio\jre\jre\bin\management.dll
0x00007fff6f280000 - 0x00007fff6f298000 	C:\Windows\SYSTEM32\CRYPTSP.dll
0x00007fff6e980000 - 0x00007fff6e9b4000 	C:\Windows\system32\rsaenh.dll
0x00007fff6fd30000 - 0x00007fff6fd57000 	C:\Windows\System32\bcrypt.dll
0x00007fff6f7a0000 - 0x00007fff6f7ce000 	C:\Windows\SYSTEM32\USERENV.dll
0x00007fff6f8e0000 - 0x00007fff6f960000 	C:\Windows\System32\bcryptprimitives.dll
0x00007fff6f1b0000 - 0x00007fff6f1bc000 	C:\Windows\SYSTEM32\CRYPTBASE.dll
0x00007fff6ecf0000 - 0x00007fff6ed2b000 	C:\Windows\SYSTEM32\IPHLPAPI.DLL
0x00007fff70ee0000 - 0x00007fff70ee8000 	C:\Windows\System32\NSI.dll
0x00007fff69ac0000 - 0x00007fff69ad7000 	C:\Windows\SYSTEM32\dhcpcsvc6.DLL
0x00007fff69a10000 - 0x00007fff69a2d000 	C:\Windows\SYSTEM32\dhcpcsvc.DLL
0x00007fff6ed30000 - 0x00007fff6edfb000 	C:\Windows\SYSTEM32\DNSAPI.dll
0x00007fff66e60000 - 0x00007fff67044000 	C:\Windows\SYSTEM32\dbghelp.dll

VM Arguments:
jvm_args: -XX:MaxMetaspaceSize=256m -XX:+HeapDumpOnOutOfMemoryError -Xms256m -Xmx512m -Dfile.encoding=windows-1250 -Duser.country=PL -Duser.language=pl -Duser.variant 
java_command: org.gradle.launcher.daemon.bootstrap.GradleDaemon 6.2
java_class_path (initial): C:\Users\Piotr\.gradle\wrapper\dists\gradle-6.2-all\dvufqs6kielxeao781pmk5huj\gradle-6.2\lib\gradle-launcher-6.2.jar
Launcher Type: SUN_STANDARD

Environment Variables:
JAVA_HOME=C:\Program Files\OpenJDK\openjdk-8u282-b08
PATH=C:\Program Files (x86)\Common Files\Intel\Shared Libraries\redist\intel64\compiler;C:\Windows\system32;C:\Windows;C:\Windows\System32\Wbem;C:\Windows\System32\WindowsPowerShell\v1.0\;C:\ProgramData\chocolatey\bin;C:\Program Files\Git\cmd;C:\Program Files\nodejs\;C:\Program Files\OpenJDK\openjdk-8u282-b08\bin;C:\Program Files\dotnet\;C:\Windows\System32\OpenSSH\;C:\Users\Piotr\AppData\Local\Android\Sdk\platform-tools;;C:\Program Files (x86)\Gpg4win\..\GnuPG\bin;C:\Program Files\Docker\Docker\resources\bin;C:\ProgramData\DockerDesktop\version-bin;C:\Users\Piotr\AppData\Local\Microsoft\WindowsApps;;C:\Users\Piotr\AppData\Local\Programs\Microsoft VS Code\bin;C:\Users\Piotr\AppData\Roaming\npm;C:\Program Files\OpenSSL-Win64\bin;
USERNAME=Piotr
OS=Windows_NT
PROCESSOR_IDENTIFIER=AMD64 Family 23 Model 113 Stepping 0, AuthenticAMD



---------------  S Y S T E M  ---------------

OS: Windows 10.0 , 64 bit Build 19041 (10.0.19041.804)

CPU:total 24 (initial active 24) (24 cores per cpu, 1 threads per core) family 23 model 113 stepping 0, cmov, cx8, fxsr, mmx, sse, sse2, sse3, ssse3, sse4.1, sse4.2, popcnt, avx, avx2, aes, clmul, mmxext, 3dnowpref, lzcnt, sse4a, tsc, tscinvbit, tscinv, bmi1

Memory: 4k page, physical 67021792k(35775148k free), swap 76983264k(35398748k free)

vm_info: OpenJDK 64-Bit Server VM (25.242-b01) for windows-amd64 JRE (1.8.0_242-release-1644-b01), built by "builder" with MS VC++ 10.0 (VS2010)

time: Fri Mar 05 00:35:03 2021
timezone: Œrodkowoeuropejski czas stand.
elapsed time: 11 seconds (0d 0h 0m 11s)

