#
# A fatal error has been detected by the Java Runtime Environment:
#
#  EXCEPTION_ACCESS_VIOLATION (0xc0000005) at pc=0x00000000003b0001, pid=27292, tid=0x000000000000406c
#
# JRE version: OpenJDK Runtime Environment (8.0_242-b01) (build 1.8.0_242-release-1644-b01)
# Java VM: OpenJDK 64-Bit Server VM (25.242-b01 mixed mode windows-amd64 compressed oops)
# Problematic frame:
# C  0x00000000003b0001
#
# Failed to write core dump. Minidumps are not enabled by default on client versions of Windows
#
# If you would like to submit a bug report, please visit:
#   
#

---------------  T H R E A D  ---------------

Current thread (0x000000000283f000):  GCTaskThread [stack: 0x0000000012be0000,0x0000000012ce0000] [id=16492]

siginfo: ExceptionCode=0xc0000005, ExceptionInformation=0x0000000000000008 0x00000000003b0001

Registers:
RAX=0x00000000140e0088, RBX=0x0000000000001b29, RCX=0x00000001000041f8, RDX=0x0000000016970d90
RSP=0x0000000012cdf3f8, RBP=0x0000000002846c90, RSI=0x0000000016970d90, RDI=0x0000000002834370
R8 =0x00000000e1326400, R9 =0x00000001000041f8, R10=0x000000000000000c, R11=0x0000000000001b29
R12=0x000000000283f570, R13=0x000000000283f948, R14=0x00000000000003d8, R15=0x0000000000000000
RIP=0x00000000003b0001, EFLAGS=0x0000000000010202

Top of Stack: (sp=0x0000000012cdf3f8)
0x0000000012cdf3f8:   00000000762e9af0 000000001721b988
0x0000000012cdf408:   0000000002846c90 0000000016970d90
0x0000000012cdf418:   000000000283f570 0000000000000000
0x0000000012cdf428:   0000000000000c00 0000000000000000
0x0000000012cdf438:   0000000000000000 0000000000000000
0x0000000012cdf448:   000000001c449800 0000000000000001
0x0000000012cdf458:   0000000000000001 000011207865f980
0x0000000012cdf468:   000000000283f948 000000000283f570
0x0000000012cdf478:   00000000000003d8 000000000283f570
0x0000000012cdf488:   0000000002834370 000000000283f560
0x0000000012cdf498:   0000000002846c90 0000000016970d90
0x0000000012cdf4a8:   00000000762e6a93 00000000e1326400
0x0000000012cdf4b8:   0000000002810bd0 0000000002810bd0
0x0000000012cdf4c8:   000000007618ede2 000000007653c570
0x0000000012cdf4d8:   0000000000000000 0000000016970d90
0x0000000012cdf4e8:   00000000764ea470 0000000002839b00 

Instructions: (pc=0x00000000003b0001)
0x00000000003affe1:   00 00 00 00 00 00 00 00 00 00 00 00 00 00 00 00
0x00000000003afff1:   00 00 00 00 00 00 00 00 00 00 00 00 00 00 00 00
0x00000000003b0001:   00 00 00 00 00 00 00 00 00 89 19 00 00 00 00 00
0x00000000003b0011:   60 88 19 00 00 00 00 00 00 00 00 00 00 00 00 00 


Register to memory mapping:

RAX=0x00000000140e0088 is pointing into metadata
RBX=0x0000000000001b29 is an unknown value
RCX=0x00000001000041f8 is pointing into metadata
RDX=0x0000000016970d90 is an unknown value
RSP=0x0000000012cdf3f8 is an unknown value
RBP=0x0000000002846c90 is an unknown value
RSI=0x0000000016970d90 is an unknown value
RDI=0x0000000002834370 is an unknown value
R8 =0x00000000e1326400 is an oop

[error occurred during error reporting (printing register info), id 0xc0000005]

Stack: [0x0000000012be0000,0x0000000012ce0000],  sp=0x0000000012cdf3f8,  free space=1020k
Native frames: (J=compiled Java code, j=interpreted, Vv=VM code, C=native code)
C  0x00000000003b0001


---------------  P R O C E S S  ---------------

Java Threads: ( => current thread )
  0x000000001c44f800 JavaThread "stdout" [_thread_in_native, id=2864, stack(0x000000002da40000,0x000000002db40000)]
  0x000000001c450000 JavaThread "stderr" [_thread_in_native, id=2056, stack(0x000000002d940000,0x000000002da40000)]
  0x000000001c451000 JavaThread "pool-2-thread-1" [_thread_blocked, id=26908, stack(0x000000002d840000,0x000000002d940000)]
  0x000000001c449800 JavaThread "WorkerExecutor Queue Thread 2" [_thread_blocked, id=11032, stack(0x000000002c140000,0x000000002c240000)]
  0x000000001c44b000 JavaThread "WorkerExecutor Queue" [_thread_blocked, id=9800, stack(0x000000002a360000,0x000000002a460000)]
  0x00000000226e1000 JavaThread "Cache worker for execution history cache (D:\projects\ArticlesAgregator\android\.gradle\6.2\executionHistory)" [_thread_blocked, id=27564, stack(0x000000002be00000,0x000000002bf00000)]
  0x00000000226d9800 JavaThread "Execution worker for ':' Thread 23" [_thread_blocked, id=8504, stack(0x000000002bb00000,0x000000002bc00000)]
  0x00000000226e0000 JavaThread "Execution worker for ':' Thread 22" [_thread_blocked, id=26472, stack(0x000000002ba00000,0x000000002bb00000)]
  0x00000000226d8800 JavaThread "Execution worker for ':' Thread 21" [_thread_blocked, id=8492, stack(0x000000002b900000,0x000000002ba00000)]
  0x00000000226db000 JavaThread "Execution worker for ':' Thread 20" [_thread_blocked, id=29460, stack(0x000000002b800000,0x000000002b900000)]
  0x00000000226df800 JavaThread "Execution worker for ':' Thread 19" [_thread_blocked, id=27556, stack(0x000000002b700000,0x000000002b800000)]
  0x00000000226de800 JavaThread "Execution worker for ':' Thread 18" [_thread_blocked, id=19008, stack(0x000000002b600000,0x000000002b700000)]
  0x00000000226d8000 JavaThread "Execution worker for ':' Thread 17" [_thread_blocked, id=10648, stack(0x000000002b500000,0x000000002b600000)]
  0x00000000226d7000 JavaThread "Execution worker for ':' Thread 16" [_thread_blocked, id=27372, stack(0x000000002b400000,0x000000002b500000)]
  0x00000000226dc800 JavaThread "Execution worker for ':' Thread 15" [_thread_blocked, id=10604, stack(0x000000002b300000,0x000000002b400000)]
  0x00000000226dd000 JavaThread "Execution worker for ':' Thread 14" [_thread_blocked, id=26216, stack(0x000000002b200000,0x000000002b300000)]
  0x00000000226de000 JavaThread "Execution worker for ':' Thread 13" [_thread_blocked, id=28468, stack(0x000000002b100000,0x000000002b200000)]
  0x00000000226db800 JavaThread "Execution worker for ':' Thread 12" [_thread_blocked, id=1516, stack(0x000000002b000000,0x000000002b100000)]
  0x000000001c313800 JavaThread "Execution worker for ':' Thread 11" [_thread_blocked, id=20532, stack(0x000000002af00000,0x000000002b000000)]
  0x0000000027851000 JavaThread "Execution worker for ':' Thread 10" [_thread_blocked, id=26684, stack(0x000000002ae00000,0x000000002af00000)]
  0x0000000027856000 JavaThread "Execution worker for ':' Thread 9" [_thread_blocked, id=25052, stack(0x000000002ad00000,0x000000002ae00000)]
  0x000000002784e800 JavaThread "Execution worker for ':' Thread 8" [_thread_blocked, id=25540, stack(0x000000002ac00000,0x000000002ad00000)]
  0x0000000027855800 JavaThread "Execution worker for ':' Thread 7" [_thread_blocked, id=532, stack(0x000000002ab00000,0x000000002ac00000)]
  0x0000000027851800 JavaThread "Execution worker for ':' Thread 6" [_thread_blocked, id=9348, stack(0x000000002aa00000,0x000000002ab00000)]
  0x0000000027854800 JavaThread "Execution worker for ':' Thread 5" [_thread_blocked, id=8944, stack(0x000000002a900000,0x000000002aa00000)]
  0x000000002784d000 JavaThread "Execution worker for ':' Thread 4" [_thread_blocked, id=11328, stack(0x000000002a800000,0x000000002a900000)]
  0x0000000027850000 JavaThread "Execution worker for ':' Thread 3" [_thread_blocked, id=26348, stack(0x000000002a700000,0x000000002a800000)]
  0x0000000027853000 JavaThread "Execution worker for ':' Thread 2" [_thread_blocked, id=22732, stack(0x000000002a600000,0x000000002a700000)]
  0x0000000027852800 JavaThread "Execution worker for ':'" [_thread_blocked, id=18204, stack(0x000000002a500000,0x000000002a600000)]
  0x0000000027848000 JavaThread "Cache worker for file content cache (D:\projects\ArticlesAgregator\android\.gradle\6.2\fileContent)" [_thread_blocked, id=9072, stack(0x00000000284d0000,0x00000000285d0000)]
  0x000000002784c800 JavaThread "Cache worker for file content cache (C:\Users\Piotr\.gradle\caches\6.2\fileContent)" [_thread_blocked, id=21664, stack(0x0000000026d90000,0x0000000026e90000)]
  0x00000000225ed800 JavaThread "Memory manager" [_thread_blocked, id=29660, stack(0x0000000026860000,0x0000000026960000)]
  0x00000000225ee800 JavaThread "Cache worker for Build Output Cleanup Cache (D:\projects\ArticlesAgregator\android\.gradle\buildOutputCleanup)" [_thread_blocked, id=26288, stack(0x0000000026760000,0x0000000026860000)]
  0x00000000225f0000 JavaThread "pool-1-thread-1" [_thread_blocked, id=12296, stack(0x0000000026260000,0x0000000026360000)]
  0x00000000225ea800 JavaThread "Build operations Thread 24" [_thread_blocked, id=13264, stack(0x0000000025d60000,0x0000000025e60000)]
  0x00000000225e3000 JavaThread "Build operations Thread 23" [_thread_blocked, id=9656, stack(0x0000000025c60000,0x0000000025d60000)]
  0x00000000225ea000 JavaThread "Build operations Thread 22" [_thread_blocked, id=23244, stack(0x0000000025b60000,0x0000000025c60000)]
  0x00000000225e5800 JavaThread "Build operations Thread 21" [_thread_blocked, id=25004, stack(0x0000000025a60000,0x0000000025b60000)]
  0x00000000225e2800 JavaThread "Build operations Thread 20" [_thread_blocked, id=5276, stack(0x0000000025960000,0x0000000025a60000)]
  0x00000000225e9000 JavaThread "Build operations Thread 19" [_thread_blocked, id=23620, stack(0x0000000025860000,0x0000000025960000)]
  0x00000000225e1800 JavaThread "Build operations Thread 18" [_thread_blocked, id=23320, stack(0x0000000025760000,0x0000000025860000)]
  0x00000000225e4000 JavaThread "Build operations Thread 17" [_thread_blocked, id=29396, stack(0x0000000025660000,0x0000000025760000)]
  0x00000000225e7000 JavaThread "Build operations Thread 16" [_thread_blocked, id=16404, stack(0x0000000025560000,0x0000000025660000)]
  0x00000000225e6000 JavaThread "Build operations Thread 15" [_thread_blocked, id=27608, stack(0x0000000025460000,0x0000000025560000)]
  0x00000000225e7800 JavaThread "Build operations Thread 14" [_thread_blocked, id=24708, stack(0x0000000025360000,0x0000000025460000)]
  0x00000000225e8800 JavaThread "Build operations Thread 13" [_thread_blocked, id=2564, stack(0x0000000025260000,0x0000000025360000)]
  0x00000000225e4800 JavaThread "Build operations Thread 12" [_thread_blocked, id=3840, stack(0x0000000025160000,0x0000000025260000)]
  0x00000000225e1000 JavaThread "Build operations Thread 11" [_thread_blocked, id=21004, stack(0x0000000025060000,0x0000000025160000)]
  0x000000001c318000 JavaThread "Build operations Thread 10" [_thread_blocked, id=24732, stack(0x0000000024f60000,0x0000000025060000)]
  0x000000001c319800 JavaThread "Build operations Thread 9" [_thread_blocked, id=23476, stack(0x0000000024e60000,0x0000000024f60000)]
  0x000000001c317000 JavaThread "Build operations Thread 8" [_thread_blocked, id=23444, stack(0x0000000024d60000,0x0000000024e60000)]
  0x000000001c316800 JavaThread "Build operations Thread 7" [_thread_blocked, id=12164, stack(0x0000000024c60000,0x0000000024d60000)]
  0x000000001c315000 JavaThread "Build operations Thread 6" [_thread_blocked, id=27196, stack(0x0000000024b60000,0x0000000024c60000)]
  0x000000001c318800 JavaThread "Build operations Thread 5" [_thread_blocked, id=23784, stack(0x0000000024a60000,0x0000000024b60000)]
  0x000000001c30f000 JavaThread "Build operations Thread 4" [_thread_blocked, id=22112, stack(0x0000000024960000,0x0000000024a60000)]
  0x000000001c315800 JavaThread "Build operations Thread 3" [_thread_blocked, id=26376, stack(0x0000000024860000,0x0000000024960000)]
  0x000000001c30d800 JavaThread "Build operations Thread 2" [_thread_blocked, id=3500, stack(0x0000000024760000,0x0000000024860000)]
  0x000000001c312800 JavaThread "Build operations" [_thread_blocked, id=11592, stack(0x0000000024660000,0x0000000024760000)]
  0x000000001c30c800 JavaThread "Cache worker for execution history cache (C:\Users\Piotr\.gradle\caches\6.2\executionHistory)" [_thread_blocked, id=24432, stack(0x0000000021940000,0x0000000021a40000)]
  0x000000001c30b000 JavaThread "Cache worker for cache directory md-rule (C:\Users\Piotr\.gradle\caches\6.2\md-rule)" [_thread_blocked, id=3576, stack(0x0000000021840000,0x0000000021940000)]
  0x000000001c311000 JavaThread "Cache worker for cache directory md-supplier (C:\Users\Piotr\.gradle\caches\6.2\md-supplier)" [_thread_blocked, id=28236, stack(0x0000000021740000,0x0000000021840000)]
  0x000000001c30b800 JavaThread "Cache worker for file hash cache (D:\projects\ArticlesAgregator\android\.gradle\6.2\fileHashes)" [_thread_blocked, id=29628, stack(0x0000000021240000,0x0000000021340000)]
  0x000000001c30a000 JavaThread "Cache worker for checksums cache (D:\projects\ArticlesAgregator\android\.gradle\checksums)" [_thread_blocked, id=29668, stack(0x0000000021140000,0x0000000021240000)]
  0x0000000016a52800 JavaThread "Cache worker for file hash cache (C:\Users\Piotr\.gradle\caches\6.2\fileHashes)" [_thread_blocked, id=27304, stack(0x000000001eea0000,0x000000001efa0000)]
  0x0000000016a51000 JavaThread "File lock request listener" [_thread_in_native, id=27936, stack(0x000000001eda0000,0x000000001eea0000)]
  0x000000001c12e800 JavaThread "Cache worker for journal cache (C:\Users\Piotr\.gradle\caches\journal-1)" [_thread_blocked, id=7356, stack(0x000000001dcd0000,0x000000001ddd0000)]
  0x000000001bf2f000 JavaThread "Thread-9" [_thread_blocked, id=9428, stack(0x000000001d9d0000,0x000000001dad0000)]
  0x000000001bf3f000 JavaThread "Stdin handler" [_thread_blocked, id=29572, stack(0x000000001d8d0000,0x000000001d9d0000)]
  0x000000001bf40800 JavaThread "Asynchronous log dispatcher for DefaultDaemonConnection: socket connection from /127.0.0.1:58989 to /127.0.0.1:58990" [_thread_blocked, id=27596, stack(0x000000001d7d0000,0x000000001d8d0000)]
  0x000000001bec5000 JavaThread "Daemon worker" [_thread_blocked, id=24276, stack(0x000000001d6d0000,0x000000001d7d0000)]
  0x000000001bec4000 JavaThread "Cancel handler" [_thread_blocked, id=26180, stack(0x000000001d5d0000,0x000000001d6d0000)]
  0x000000001beca800 JavaThread "Handler for socket connection from /127.0.0.1:58989 to /127.0.0.1:58990" [_thread_in_native, id=22612, stack(0x000000001d2d0000,0x000000001d3d0000)]
  0x000000001bec7800 JavaThread "Daemon" [_thread_blocked, id=24952, stack(0x000000001d1d0000,0x000000001d2d0000)]
  0x000000001be81000 JavaThread "Daemon periodic checks" [_thread_blocked, id=4628, stack(0x000000001d0d0000,0x000000001d1d0000)]
  0x000000001be8a800 JavaThread "Incoming local TCP Connector on port 58989" [_thread_in_native, id=21260, stack(0x000000001ce70000,0x000000001cf70000)]
  0x000000001bddc800 JavaThread "Daemon health stats" [_thread_blocked, id=20928, stack(0x000000001ca30000,0x000000001cb30000)]
  0x0000000016b2d000 JavaThread "Service Thread" daemon [_thread_blocked, id=24240, stack(0x0000000019e90000,0x0000000019f90000)]
  0x0000000016a58000 JavaThread "C1 CompilerThread11" daemon [_thread_blocked, id=23992, stack(0x0000000019d90000,0x0000000019e90000)]
  0x0000000016a56800 JavaThread "C1 CompilerThread10" daemon [_thread_blocked, id=26300, stack(0x0000000019c90000,0x0000000019d90000)]
  0x0000000016a55800 JavaThread "C1 CompilerThread9" daemon [_thread_blocked, id=27436, stack(0x0000000019b90000,0x0000000019c90000)]
  0x0000000016a54000 JavaThread "C1 CompilerThread8" daemon [_thread_blocked, id=13476, stack(0x0000000019a90000,0x0000000019b90000)]
  0x0000000016a53000 JavaThread "C2 CompilerThread7" daemon [_thread_blocked, id=11276, stack(0x0000000019990000,0x0000000019a90000)]
  0x0000000016a57000 JavaThread "C2 CompilerThread6" daemon [_thread_blocked, id=27948, stack(0x0000000019890000,0x0000000019990000)]
  0x0000000016a55000 JavaThread "C2 CompilerThread5" daemon [_thread_blocked, id=1648, stack(0x0000000019790000,0x0000000019890000)]
  0x0000000016a51800 JavaThread "C2 CompilerThread4" daemon [_thread_blocked, id=16476, stack(0x0000000019590000,0x0000000019690000)]
  0x0000000014ade800 JavaThread "C2 CompilerThread3" daemon [_thread_blocked, id=1044, stack(0x0000000019490000,0x0000000019590000)]
  0x0000000016a4c800 JavaThread "C2 CompilerThread2" daemon [_thread_blocked, id=24908, stack(0x0000000019390000,0x0000000019490000)]
  0x0000000014adb000 JavaThread "C2 CompilerThread1" daemon [_thread_blocked, id=8900, stack(0x0000000019290000,0x0000000019390000)]
  0x0000000014ad9800 JavaThread "C2 CompilerThread0" daemon [_thread_in_native, id=27892, stack(0x0000000019190000,0x0000000019290000)]
  0x0000000014ad8800 JavaThread "Attach Listener" daemon [_thread_blocked, id=1616, stack(0x0000000019090000,0x0000000019190000)]
  0x0000000014ad8000 JavaThread "Signal Dispatcher" daemon [_thread_blocked, id=25528, stack(0x0000000018f90000,0x0000000019090000)]
  0x0000000016a39800 JavaThread "Finalizer" daemon [_thread_blocked, id=25544, stack(0x0000000018d80000,0x0000000018e80000)]
  0x0000000016a33800 JavaThread "Reference Handler" daemon [_thread_blocked, id=11940, stack(0x0000000018c80000,0x0000000018d80000)]
  0x000000000270e000 JavaThread "main" [_thread_blocked, id=28032, stack(0x0000000002710000,0x0000000002810000)]

Other Threads:
  0x0000000014abf000 VMThread [stack: 0x0000000018b80000,0x0000000018c80000] [id=25556]
  0x0000000016b31800 WatcherThread [stack: 0x0000000019f90000,0x000000001a090000] [id=15508]

=>0x000000000283f000 (exited) GCTaskThread [stack: 0x0000000012be0000,0x0000000012ce0000] [id=16492]

VM state:at safepoint (normal execution)

VM Mutex/Monitor currently owned by a thread:  ([mutex/lock_event])
[0x000000000270cf40] Threads_lock - owner thread: 0x0000000014abf000
[0x000000000270cb40] Heap_lock - owner thread: 0x0000000027851800

heap address: 0x00000000e0000000, size: 512 MB, Compressed Oops mode: 32-bit
Narrow klass base: 0x0000000000000000, Narrow klass shift: 3
Compressed class space size: 1073741824 Address: 0x0000000100000000

Heap:
 PSYoungGen      total 129024K, used 8573K [0x00000000f5580000, 0x00000000ffa00000, 0x0000000100000000)
  eden space 94720K, 0% used [0x00000000f5580000,0x00000000f5580000,0x00000000fb200000)
  from space 34304K, 24% used [0x00000000fd880000,0x00000000fe0df540,0x00000000ffa00000)
  to   space 36864K, 0% used [0x00000000fb200000,0x00000000fb200000,0x00000000fd600000)
 ParOldGen       total 206336K, used 187420K [0x00000000e0000000, 0x00000000ec980000, 0x00000000f5580000)
  object space 206336K, 90% used [0x00000000e0000000,0x00000000eb7072b8,0x00000000ec980000)
 Metaspace       used 87610K, capacity 97690K, committed 97704K, reserved 1132544K
  class space    used 12275K, capacity 14251K, committed 14256K, reserved 1048576K

Card table byte_map: [0x0000000011cd0000,0x0000000011de0000] byte_map_base: 0x00000000115d0000

Marking Bits: (ParMarkBitMap*) 0x00000000766ef030
 Begin Bits: [0x0000000012fe0000, 0x00000000137e0000)
 End Bits:   [0x00000000137e0000, 0x0000000013fe0000)

Polling page: 0x0000000000640000

CodeCache: size=245760Kb used=51571Kb max_used=51611Kb free=194188Kb
 bounds [0x0000000002910000, 0x0000000005bb0000, 0x0000000011910000]
 total_blobs=15651 nmethods=14788 adapters=771
 compilation: enabled

Compilation events (10 events):
Event: 15.167 Thread 0x0000000016a54000 17032       2       com.android.tools.r8.ir.code.B::<init> (32 bytes)
Event: 15.167 Thread 0x0000000016a54000 nmethod 17032 0x000000000383bd90 code [0x000000000383bf40, 0x000000000383c408]
Event: 15.168 Thread 0x0000000016a55800 nmethod 17387 0x0000000003592790 code [0x0000000003592960, 0x0000000003592ff8]
Event: 15.168 Thread 0x0000000016a55800 18001       3       com.android.tools.r8.graph.DebugLocalInfo::b (108 bytes)
Event: 15.169 Thread 0x0000000016a55800 nmethod 18001 0x000000000344ed10 code [0x000000000344ef60, 0x000000000344fd08]
Event: 15.169 Thread 0x0000000016a55800 16394       1       com.android.tools.r8.ir.code.Argument::a (2 bytes)
Event: 15.169 Thread 0x0000000016a4c800 nmethod 16519 0x00000000035c6450 code [0x00000000035c65a0, 0x00000000035c6758]
Event: 15.169 Thread 0x0000000016a4c800 16520       4       com.android.tools.r8.m.a.a.a.H::a (100 bytes)
Event: 15.169 Thread 0x0000000016a4c800 nmethod 16520 0x00000000032c9090 code [0x00000000032c91c0, 0x00000000032c9258]
Event: 15.169 Thread 0x0000000016a4c800 16868       4       com.android.tools.r8.ir.regalloc.LiveIntervals::m (8 bytes)

GC Heap History (10 events):
Event: 14.971 GC heap after
Heap after GC invocations=27 (full 3):
 PSYoungGen      total 126464K, used 4160K [0x00000000f5580000, 0x00000000ffd80000, 0x0000000100000000)
  eden space 83968K, 0% used [0x00000000f5580000,0x00000000f5580000,0x00000000fa780000)
  from space 42496K, 9% used [0x00000000fd400000,0x00000000fd810010,0x00000000ffd80000)
  to   space 44032K, 0% used [0x00000000fa780000,0x00000000fa780000,0x00000000fd280000)
 ParOldGen       total 206336K, used 170747K [0x00000000e0000000, 0x00000000ec980000, 0x00000000f5580000)
  object space 206336K, 82% used [0x00000000e0000000,0x00000000ea6bed80,0x00000000ec980000)
 Metaspace       used 87264K, capacity 97316K, committed 97448K, reserved 1132544K
  class space    used 12247K, capacity 14242K, committed 14256K, reserved 1048576K
}
Event: 15.023 GC heap before
{Heap before GC invocations=28 (full 3):
 PSYoungGen      total 126464K, used 88128K [0x00000000f5580000, 0x00000000ffd80000, 0x0000000100000000)
  eden space 83968K, 100% used [0x00000000f5580000,0x00000000fa780000,0x00000000fa780000)
  from space 42496K, 9% used [0x00000000fd400000,0x00000000fd810010,0x00000000ffd80000)
  to   space 44032K, 0% used [0x00000000fa780000,0x00000000fa780000,0x00000000fd280000)
 ParOldGen       total 206336K, used 170747K [0x00000000e0000000, 0x00000000ec980000, 0x00000000f5580000)
  object space 206336K, 82% used [0x00000000e0000000,0x00000000ea6bed80,0x00000000ec980000)
 Metaspace       used 87279K, capacity 97320K, committed 97448K, reserved 1132544K
  class space    used 12249K, capacity 14244K, committed 14256K, reserved 1048576K
Event: 15.029 GC heap after
Heap after GC invocations=28 (full 3):
 PSYoungGen      total 128000K, used 3680K [0x00000000f5580000, 0x00000000fff80000, 0x0000000100000000)
  eden space 83968K, 0% used [0x00000000f5580000,0x00000000f5580000,0x00000000fa780000)
  from space 44032K, 8% used [0x00000000fa780000,0x00000000fab18010,0x00000000fd280000)
  to   space 43008K, 0% used [0x00000000fd580000,0x00000000fd580000,0x00000000fff80000)
 ParOldGen       total 206336K, used 172847K [0x00000000e0000000, 0x00000000ec980000, 0x00000000f5580000)
  object space 206336K, 83% used [0x00000000e0000000,0x00000000ea8cbf60,0x00000000ec980000)
 Metaspace       used 87279K, capacity 97320K, committed 97448K, reserved 1132544K
  class space    used 12249K, capacity 14244K, committed 14256K, reserved 1048576K
}
Event: 15.073 GC heap before
{Heap before GC invocations=29 (full 3):
 PSYoungGen      total 128000K, used 87648K [0x00000000f5580000, 0x00000000fff80000, 0x0000000100000000)
  eden space 83968K, 100% used [0x00000000f5580000,0x00000000fa780000,0x00000000fa780000)
  from space 44032K, 8% used [0x00000000fa780000,0x00000000fab18010,0x00000000fd280000)
  to   space 43008K, 0% used [0x00000000fd580000,0x00000000fd580000,0x00000000fff80000)
 ParOldGen       total 206336K, used 172847K [0x00000000e0000000, 0x00000000ec980000, 0x00000000f5580000)
  object space 206336K, 83% used [0x00000000e0000000,0x00000000ea8cbf60,0x00000000ec980000)
 Metaspace       used 87377K, capacity 97472K, committed 97704K, reserved 1132544K
  class space    used 12260K, capacity 14248K, committed 14256K, reserved 1048576K
Event: 15.079 GC heap after
Heap after GC invocations=29 (full 3):
 PSYoungGen      total 125952K, used 8492K [0x00000000f5580000, 0x00000000ffb00000, 0x0000000100000000)
  eden space 87552K, 0% used [0x00000000f5580000,0x00000000f5580000,0x00000000fab00000)
  from space 38400K, 22% used [0x00000000fd580000,0x00000000fddcb048,0x00000000ffb00000)
  to   space 40960K, 0% used [0x00000000fab00000,0x00000000fab00000,0x00000000fd300000)
 ParOldGen       total 206336K, used 174599K [0x00000000e0000000, 0x00000000ec980000, 0x00000000f5580000)
  object space 206336K, 84% used [0x00000000e0000000,0x00000000eaa81f90,0x00000000ec980000)
 Metaspace       used 87377K, capacity 97472K, committed 97704K, reserved 1132544K
  class space    used 12260K, capacity 14248K, committed 14256K, reserved 1048576K
}
Event: 15.123 GC heap before
{Heap before GC invocations=30 (full 3):
 PSYoungGen      total 125952K, used 96044K [0x00000000f5580000, 0x00000000ffb00000, 0x0000000100000000)
  eden space 87552K, 100% used [0x00000000f5580000,0x00000000fab00000,0x00000000fab00000)
  from space 38400K, 22% used [0x00000000fd580000,0x00000000fddcb048,0x00000000ffb00000)
  to   space 40960K, 0% used [0x00000000fab00000,0x00000000fab00000,0x00000000fd300000)
 ParOldGen       total 206336K, used 174611K [0x00000000e0000000, 0x00000000ec980000, 0x00000000f5580000)
  object space 206336K, 84% used [0x00000000e0000000,0x00000000eaa84e08,0x00000000ec980000)
 Metaspace       used 87536K, capacity 97604K, committed 97704K, reserved 1132544K
  class space    used 12271K, capacity 14248K, committed 14256K, reserved 1048576K
Event: 15.130 GC heap after
Heap after GC invocations=30 (full 3):
 PSYoungGen      total 128512K, used 8275K [0x00000000f5580000, 0x00000000ffe80000, 0x0000000100000000)
  eden space 87552K, 0% used [0x00000000f5580000,0x00000000f5580000,0x00000000fab00000)
  from space 40960K, 20% used [0x00000000fab00000,0x00000000fb314ce0,0x00000000fd300000)
  to   space 38912K, 0% used [0x00000000fd880000,0x00000000fd880000,0x00000000ffe80000)
 ParOldGen       total 206336K, used 180932K [0x00000000e0000000, 0x00000000ec980000, 0x00000000f5580000)
  object space 206336K, 87% used [0x00000000e0000000,0x00000000eb0b1148,0x00000000ec980000)
 Metaspace       used 87536K, capacity 97604K, committed 97704K, reserved 1132544K
  class space    used 12271K, capacity 14248K, committed 14256K, reserved 1048576K
}
Event: 15.172 GC heap before
{Heap before GC invocations=31 (full 3):
 PSYoungGen      total 128512K, used 95827K [0x00000000f5580000, 0x00000000ffe80000, 0x0000000100000000)
  eden space 87552K, 100% used [0x00000000f5580000,0x00000000fab00000,0x00000000fab00000)
  from space 40960K, 20% used [0x00000000fab00000,0x00000000fb314ce0,0x00000000fd300000)
  to   space 38912K, 0% used [0x00000000fd880000,0x00000000fd880000,0x00000000ffe80000)
 ParOldGen       total 206336K, used 180996K [0x00000000e0000000, 0x00000000ec980000, 0x00000000f5580000)
  object space 206336K, 87% used [0x00000000e0000000,0x00000000eb0c1120,0x00000000ec980000)
 Metaspace       used 87610K, capacity 97690K, committed 97704K, reserved 1132544K
  class space    used 12275K, capacity 14251K, committed 14256K, reserved 1048576K
Event: 15.179 GC heap after
Heap after GC invocations=31 (full 3):
 PSYoungGen      total 129024K, used 8573K [0x00000000f5580000, 0x00000000ffa00000, 0x0000000100000000)
  eden space 94720K, 0% used [0x00000000f5580000,0x00000000f5580000,0x00000000fb200000)
  from space 34304K, 24% used [0x00000000fd880000,0x00000000fe0df540,0x00000000ffa00000)
  to   space 36864K, 0% used [0x00000000fb200000,0x00000000fb200000,0x00000000fd600000)
 ParOldGen       total 206336K, used 187420K [0x00000000e0000000, 0x00000000ec980000, 0x00000000f5580000)
  object space 206336K, 90% used [0x00000000e0000000,0x00000000eb7072b8,0x00000000ec980000)
 Metaspace       used 87610K, capacity 97690K, committed 97704K, reserved 1132544K
  class space    used 12275K, capacity 14251K, committed 14256K, reserved 1048576K
}
Event: 15.179 GC heap before
{Heap before GC invocations=32 (full 4):
 PSYoungGen      total 129024K, used 8573K [0x00000000f5580000, 0x00000000ffa00000, 0x0000000100000000)
  eden space 94720K, 0% used [0x00000000f5580000,0x00000000f5580000,0x00000000fb200000)
  from space 34304K, 24% used [0x00000000fd880000,0x00000000fe0df540,0x00000000ffa00000)
  to   space 36864K, 0% used [0x00000000fb200000,0x00000000fb200000,0x00000000fd600000)
 ParOldGen       total 206336K, used 187420K [0x00000000e0000000, 0x00000000ec980000, 0x00000000f5580000)
  object space 206336K, 90% used [0x00000000e0000000,0x00000000eb7072b8,0x00000000ec980000)
 Metaspace       used 87610K, capacity 97690K, committed 97704K, reserved 1132544K
  class space    used 12275K, capacity 14251K, committed 14256K, reserved 1048576K

Deoptimization events (10 events):
Event: 14.994 Thread 0x00000000226d7000 Uncommon trap: reason=bimorphic action=maybe_recompile pc=0x00000000059699b4 method=com.android.tools.r8.ir.regalloc.LinearScanRegisterAllocator.a(Lcom/android/tools/r8/ir/code/Value;Ljava/util/Collection;)Z @ 1
Event: 14.994 Thread 0x00000000226d7000 Uncommon trap: reason=bimorphic action=maybe_recompile pc=0x00000000059699b4 method=com.android.tools.r8.ir.regalloc.LinearScanRegisterAllocator.a(Lcom/android/tools/r8/ir/code/Value;Ljava/util/Collection;)Z @ 1
Event: 15.004 Thread 0x00000000226d9800 Uncommon trap: reason=unstable_if action=reinterpret pc=0x0000000003665b90 method=java.util.Collections$SetFromMap.add(Ljava/lang/Object;)Z @ 13
Event: 15.055 Thread 0x00000000226d8800 Uncommon trap: reason=class_check action=maybe_recompile pc=0x000000000527ccfc method=java.util.ArrayList$ArrayListSpliterator.tryAdvance(Ljava/util/function/Consumer;)Z @ 48
Event: 15.055 Thread 0x00000000226d8800 Uncommon trap: reason=class_check action=maybe_recompile pc=0x000000000527ccfc method=java.util.ArrayList$ArrayListSpliterator.tryAdvance(Ljava/util/function/Consumer;)Z @ 48
Event: 15.084 Thread 0x00000000226dd000 Uncommon trap: reason=class_check action=maybe_recompile pc=0x0000000005a87898 method=com.android.tools.r8.ir.analysis.g.e.b(Lcom/android/tools/r8/ir/code/Instruction;)V @ 376
Event: 15.090 Thread 0x0000000027850000 Uncommon trap: reason=class_check action=maybe_recompile pc=0x0000000005ace3c8 method=com.android.tools.r8.ir.optimize.CodeRewriter.e(Lcom/android/tools/r8/ir/code/Instruction;)Z @ 211
Event: 15.105 Thread 0x000000001bec5000 Uncommon trap: reason=class_check action=maybe_recompile pc=0x0000000005a87fb0 method=com.android.tools.r8.ir.analysis.g.e.b(Lcom/android/tools/r8/ir/code/Instruction;)V @ 139
Event: 15.105 Thread 0x000000001bec5000 Uncommon trap: reason=class_check action=maybe_recompile pc=0x0000000005a87fb0 method=com.android.tools.r8.ir.analysis.g.e.b(Lcom/android/tools/r8/ir/code/Instruction;)V @ 139
Event: 15.144 Thread 0x000000001bec5000 Uncommon trap: reason=unstable_if action=reinterpret pc=0x0000000005ace23c method=com.android.tools.r8.ir.optimize.CodeRewriter.e(Lcom/android/tools/r8/ir/code/Instruction;)Z @ 27

Classes redefined (0 events):
No events

Internal exceptions (10 events):
Event: 15.116 Thread 0x0000000027851800 Exception <a 'sun/nio/fs/WindowsException'> (0x00000000f96afef0) thrown at [C:\src\AOSP-openjdk-git\hotspot\src\share\vm\prims\jni.cpp, line 710]
Event: 15.120 Thread 0x00000000226de800 Exception <a 'sun/nio/fs/WindowsException'> (0x00000000fa18df18) thrown at [C:\src\AOSP-openjdk-git\hotspot\src\share\vm\prims\jni.cpp, line 710]
Event: 15.133 Thread 0x0000000027854800 Exception <a 'sun/nio/fs/WindowsException'> (0x00000000f585d8c0) thrown at [C:\src\AOSP-openjdk-git\hotspot\src\share\vm\prims\jni.cpp, line 710]
Event: 15.136 Thread 0x0000000027852800 Exception <a 'sun/nio/fs/WindowsException'> (0x00000000f5a4d1c0) thrown at [C:\src\AOSP-openjdk-git\hotspot\src\share\vm\prims\jni.cpp, line 710]
Event: 15.147 Thread 0x0000000027853000 Exception <a 'sun/nio/fs/WindowsException'> (0x00000000f7024358) thrown at [C:\src\AOSP-openjdk-git\hotspot\src\share\vm\prims\jni.cpp, line 710]
Event: 15.153 Thread 0x0000000027852800 Exception <a 'sun/nio/fs/WindowsException'> (0x00000000f7d14b10) thrown at [C:\src\AOSP-openjdk-git\hotspot\src\share\vm\prims\jni.cpp, line 710]
Event: 15.156 Thread 0x0000000027852800 Exception <a 'sun/nio/fs/WindowsException'> (0x00000000f837b9c0) thrown at [C:\src\AOSP-openjdk-git\hotspot\src\share\vm\prims\jni.cpp, line 710]
Event: 15.156 Thread 0x0000000027853000 Exception <a 'sun/nio/fs/WindowsException'> (0x00000000f855f348) thrown at [C:\src\AOSP-openjdk-git\hotspot\src\share\vm\prims\jni.cpp, line 710]
Event: 15.162 Thread 0x000000001c313800 Exception <a 'sun/nio/fs/WindowsException'> (0x00000000f91e2ba8) thrown at [C:\src\AOSP-openjdk-git\hotspot\src\share\vm\prims\jni.cpp, line 710]
Event: 15.164 Thread 0x0000000027856000 Exception <a 'sun/nio/fs/WindowsException'> (0x00000000f9776b68) thrown at [C:\src\AOSP-openjdk-git\hotspot\src\share\vm\prims\jni.cpp, line 710]

Events (10 events):
Event: 15.166 Thread 0x0000000016a54000 flushing nmethod 0x00000000038d2610
Event: 15.168 Thread 0x0000000016a54000 flushing nmethod 0x0000000003b07550
Event: 15.168 Thread 0x0000000016a54000 flushing nmethod 0x0000000003b08950
Event: 15.168 Thread 0x0000000016a54000 flushing nmethod 0x0000000003b36390
Event: 15.169 Thread 0x0000000016a54000 flushing nmethod 0x0000000003b8bd90
Event: 15.171 Executing VM operation: ParallelGCFailedAllocation
Event: 15.171 Executing VM operation: ParallelGCFailedAllocation done
Event: 15.171 Executing VM operation: ParallelGCFailedAllocation
Event: 15.172 Executing VM operation: ParallelGCFailedAllocation done
Event: 15.172 Executing VM operation: ParallelGCSystemGC


Dynamic libraries:
0x00007ff68df90000 - 0x00007ff68dfc1000 	C:\Program Files\Android\Android Studio\jre\bin\java.exe
0x00007fff72170000 - 0x00007fff72366000 	C:\Windows\SYSTEM32\ntdll.dll
0x00007fff5d650000 - 0x00007fff5d662000 	C:\Program Files\Avast Software\Avast\aswhook.dll
0x00007fff71900000 - 0x00007fff719bd000 	C:\Windows\System32\KERNEL32.DLL
0x00007fff6f960000 - 0x00007fff6fc29000 	C:\Windows\System32\KERNELBASE.dll
0x00007fff71c00000 - 0x00007fff71cac000 	C:\Windows\System32\ADVAPI32.dll
0x00007fff719c0000 - 0x00007fff71a5e000 	C:\Windows\System32\msvcrt.dll
0x00007fff70e40000 - 0x00007fff70edc000 	C:\Windows\System32\sechost.dll
0x00007fff71a60000 - 0x00007fff71b8b000 	C:\Windows\System32\RPCRT4.dll
0x00007fff71e90000 - 0x00007fff72030000 	C:\Windows\System32\USER32.dll
0x00007fff6f8b0000 - 0x00007fff6f8d2000 	C:\Windows\System32\win32u.dll
0x00007fff71bd0000 - 0x00007fff71bfa000 	C:\Windows\System32\GDI32.dll
0x00007fff70070000 - 0x00007fff7017b000 	C:\Windows\System32\gdi32full.dll
0x00007fff6fe70000 - 0x00007fff6ff0d000 	C:\Windows\System32\msvcp_win.dll
0x00007fff6fc30000 - 0x00007fff6fd30000 	C:\Windows\System32\ucrtbase.dll
0x00007fff50140000 - 0x00007fff503db000 	C:\Windows\WinSxS\amd64_microsoft.windows.common-controls_6595b64144ccf1df_6.0.19041.746_none_ca02b4b61b8320a4\COMCTL32.dll
0x00007fff71b90000 - 0x00007fff71bc0000 	C:\Windows\System32\IMM32.DLL
0x00000000501e0000 - 0x00000000502b2000 	C:\Program Files\Android\Android Studio\jre\jre\bin\msvcr100.dll
0x0000000075f20000 - 0x000000007676b000 	C:\Program Files\Android\Android Studio\jre\jre\bin\server\jvm.dll
0x00007fff71e80000 - 0x00007fff71e88000 	C:\Windows\System32\PSAPI.DLL
0x00007fff64c70000 - 0x00007fff64c7a000 	C:\Windows\SYSTEM32\VERSION.dll
0x00007fff555d0000 - 0x00007fff555d9000 	C:\Windows\SYSTEM32\WSOCK32.dll
0x00007fff64e10000 - 0x00007fff64e37000 	C:\Windows\SYSTEM32\WINMM.dll
0x00007fff70f80000 - 0x00007fff70feb000 	C:\Windows\System32\WS2_32.dll
0x00007fff6b150000 - 0x00007fff6b15f000 	C:\Program Files\Android\Android Studio\jre\jre\bin\verify.dll
0x00007fff57370000 - 0x00007fff57399000 	C:\Program Files\Android\Android Studio\jre\jre\bin\java.dll
0x00007fff5ee20000 - 0x00007fff5ee36000 	C:\Program Files\Android\Android Studio\jre\jre\bin\zip.dll
0x00007fff704b0000 - 0x00007fff70bf2000 	C:\Windows\System32\SHELL32.dll
0x00007fff6d9e0000 - 0x00007fff6e170000 	C:\Windows\SYSTEM32\windows.storage.dll
0x00007fff714c0000 - 0x00007fff71816000 	C:\Windows\System32\combase.dll
0x00007fff6f240000 - 0x00007fff6f26c000 	C:\Windows\SYSTEM32\Wldp.dll
0x00007fff71cb0000 - 0x00007fff71d5e000 	C:\Windows\System32\SHCORE.dll
0x00007fff70ff0000 - 0x00007fff71045000 	C:\Windows\System32\shlwapi.dll
0x00007fff6f7e0000 - 0x00007fff6f806000 	C:\Windows\SYSTEM32\profapi.dll
0x00007fff572f0000 - 0x00007fff5730a000 	C:\Program Files\Android\Android Studio\jre\jre\bin\net.dll
0x00007fff6f030000 - 0x00007fff6f09a000 	C:\Windows\system32\mswsock.dll
0x00007fff51950000 - 0x00007fff51963000 	C:\Program Files\Android\Android Studio\jre\jre\bin\nio.dll
0x00007fff40fa0000 - 0x00007fff40fca000 	C:\Users\Piotr\.gradle\native\36\windows-amd64\native-platform.dll
0x00007fff5f010000 - 0x00007fff5f01d000 	C:\Program Files\Android\Android Studio\jre\jre\bin\management.dll
0x00007fff6f280000 - 0x00007fff6f298000 	C:\Windows\SYSTEM32\CRYPTSP.dll
0x00007fff6e980000 - 0x00007fff6e9b4000 	C:\Windows\system32\rsaenh.dll
0x00007fff6fd30000 - 0x00007fff6fd57000 	C:\Windows\System32\bcrypt.dll
0x00007fff6f7a0000 - 0x00007fff6f7ce000 	C:\Windows\SYSTEM32\USERENV.dll
0x00007fff6f8e0000 - 0x00007fff6f960000 	C:\Windows\System32\bcryptprimitives.dll
0x00007fff6f1b0000 - 0x00007fff6f1bc000 	C:\Windows\SYSTEM32\CRYPTBASE.dll
0x00007fff6ecf0000 - 0x00007fff6ed2b000 	C:\Windows\SYSTEM32\IPHLPAPI.DLL
0x00007fff70ee0000 - 0x00007fff70ee8000 	C:\Windows\System32\NSI.dll
0x00007fff69ac0000 - 0x00007fff69ad7000 	C:\Windows\SYSTEM32\dhcpcsvc6.DLL
0x00007fff69a10000 - 0x00007fff69a2d000 	C:\Windows\SYSTEM32\dhcpcsvc.DLL
0x00007fff6ed30000 - 0x00007fff6edfb000 	C:\Windows\SYSTEM32\DNSAPI.dll
0x00007fff66e60000 - 0x00007fff67044000 	C:\Windows\SYSTEM32\dbghelp.dll

VM Arguments:
jvm_args: -XX:MaxMetaspaceSize=256m -XX:+HeapDumpOnOutOfMemoryError -Xms256m -Xmx512m -Dfile.encoding=windows-1250 -Duser.country=PL -Duser.language=pl -Duser.variant 
java_command: org.gradle.launcher.daemon.bootstrap.GradleDaemon 6.2
java_class_path (initial): C:\Users\Piotr\.gradle\wrapper\dists\gradle-6.2-all\dvufqs6kielxeao781pmk5huj\gradle-6.2\lib\gradle-launcher-6.2.jar
Launcher Type: SUN_STANDARD

Environment Variables:
JAVA_HOME=C:\Program Files\OpenJDK\openjdk-8u282-b08
PATH=C:\Program Files (x86)\Common Files\Intel\Shared Libraries\redist\intel64\compiler;C:\Windows\system32;C:\Windows;C:\Windows\System32\Wbem;C:\Windows\System32\WindowsPowerShell\v1.0\;C:\ProgramData\chocolatey\bin;C:\Program Files\Git\cmd;C:\Program Files\nodejs\;C:\Program Files\OpenJDK\openjdk-8u282-b08\bin;C:\Program Files\dotnet\;C:\Windows\System32\OpenSSH\;C:\Users\Piotr\AppData\Local\Android\Sdk\platform-tools;;C:\Program Files (x86)\Gpg4win\..\GnuPG\bin;C:\Program Files\Docker\Docker\resources\bin;C:\ProgramData\DockerDesktop\version-bin;C:\Users\Piotr\AppData\Local\Microsoft\WindowsApps;;C:\Users\Piotr\AppData\Local\Programs\Microsoft VS Code\bin;C:\Users\Piotr\AppData\Roaming\npm;C:\Program Files\OpenSSL-Win64\bin;
USERNAME=Piotr
OS=Windows_NT
PROCESSOR_IDENTIFIER=AMD64 Family 23 Model 113 Stepping 0, AuthenticAMD



---------------  S Y S T E M  ---------------

OS: Windows 10.0 , 64 bit Build 19041 (10.0.19041.804)

CPU:total 24 (initial active 24) (24 cores per cpu, 1 threads per core) family 23 model 113 stepping 0, cmov, cx8, fxsr, mmx, sse, sse2, sse3, ssse3, sse4.1, sse4.2, popcnt, avx, avx2, aes, clmul, mmxext, 3dnowpref, lzcnt, sse4a, tsc, tscinvbit, tscinv, bmi1

Memory: 4k page, physical 67021792k(35564052k free), swap 76983264k(35346744k free)

vm_info: OpenJDK 64-Bit Server VM (25.242-b01) for windows-amd64 JRE (1.8.0_242-release-1644-b01), built by "builder" with MS VC++ 10.0 (VS2010)

time: Fri Mar 05 00:29:39 2021
timezone: Œrodkowoeuropejski czas stand.
elapsed time: 15 seconds (0d 0h 0m 15s)

